#
# There is insufficient memory for the Java Runtime Environment to continue.
# Native memory allocation (mmap) failed to map 344981504 bytes for Failed to commit area from 0x0000000094900000 to 0x00000000a9200000 of length 344981504.
# Possible reasons:
#   The system is out of physical RAM or swap space
#   The process is running with CompressedOops enabled, and the Java Heap may be blocking the growth of the native heap
# Possible solutions:
#   Reduce memory load on the system
#   Increase physical memory or swap space
#   Check if swap backing store is full
#   Decrease Java heap size (-Xmx/-Xms)
#   Decrease number of Java threads
#   Decrease Java thread stack sizes (-Xss)
#   Set larger code cache with -XX:ReservedCodeCacheSize=
#   JVM is running with Unscaled Compressed Oops mode in which the Java heap is
#     placed in the first 4GB address space. The Java Heap base address is the
#     maximum limit for the native heap growth. Please use -XX:HeapBaseMinAddress
#     to set the Java Heap base and to place the Java Heap above 4GB virtual address.
# This output file may be truncated or incomplete.
#
#  Out of Memory Error (./src/hotspot/os/windows/os_windows.cpp:3301), pid=20800, tid=13748
#
# JRE version: OpenJDK Runtime Environment (11.0.11+9) (build 11.0.11+9-b60-7590822)
# Java VM: OpenJDK 64-Bit Server VM (11.0.11+9-b60-7590822, mixed mode, tiered, compressed oops, g1 gc, windows-amd64)
# No core dump will be written. Minidumps are not enabled by default on client versions of Windows
#

---------------  S U M M A R Y ------------

Command Line: --add-opens=java.base/java.util=ALL-UNNAMED --add-opens=java.base/java.lang=ALL-UNNAMED --add-opens=java.base/java.lang.invoke=ALL-UNNAMED --add-opens=java.base/java.util=ALL-UNNAMED --add-opens=java.prefs/java.util.prefs=ALL-UNNAMED --add-opens=java.prefs/java.util.prefs=ALL-UNNAMED --add-opens=java.base/java.nio.charset=ALL-UNNAMED --add-opens=java.base/java.net=ALL-UNNAMED --add-opens=java.base/java.util.concurrent.atomic=ALL-UNNAMED -Xmx2048m -Dfile.encoding=UTF-8 -Duser.country=US -Duser.language=en -Duser.variant org.gradle.launcher.daemon.bootstrap.GradleDaemon 7.0.2

Host: Intel(R) Core(TM) i7-5600U CPU @ 2.60GHz, 4 cores, 7G,  Windows 10 , 64 bit Build 19041 (10.0.19041.1503)
Time: Tue Mar  8 13:17:08 2022 Pakistan Standard Time elapsed time: 26.003767 seconds (0d 0h 0m 26s)

---------------  T H R E A D  ---------------

Current thread (0x00000236fd3b5800):  VMThread "VM Thread" [stack: 0x000000e656600000,0x000000e656700000] [id=13748]

Stack: [0x000000e656600000,0x000000e656700000]
[error occurred during error reporting (printing stack bounds), id 0xc0000005, EXCEPTION_ACCESS_VIOLATION (0xc0000005) at pc=0x00000236e6b50f2d]

Native frames: (J=compiled Java code, j=interpreted, Vv=VM code, C=native code)
V  [jvm.dll+0x5f214a]
V  [jvm.dll+0x726fb5]
V  [jvm.dll+0x7285cd]
V  [jvm.dll+0x728be5]
V  [jvm.dll+0x728b9b]
V  [jvm.dll+0x5f14e8]
V  [jvm.dll+0x5f1c78]
C  [ntdll.dll+0xa20cf]
C  [ntdll.dll+0x51454]
C  [ntdll.dll+0xa0bfe]
C  0x00000236e6b50f2d

VM_Operation (0x000000e659ffd5f0): G1CollectForAllocation, mode: safepoint, requested by thread 0x00000236ff4f5000


---------------  P R O C E S S  ---------------

Threads class SMR info:
_java_thread_list=0x00000236864842a0, length=59, elements={
0x00000236e304c000, 0x00000236fd3bb000, 0x00000236fd3be800, 0x00000236fd3e9000,
0x00000236fd3ea000, 0x00000236fd3ee000, 0x00000236fd3f3000, 0x00000236fd3f7800,
0x00000236fd3fb000, 0x00000236fdea2000, 0x00000236804e8800, 0x0000023680826800,
0x00000236feed2000, 0x0000023681aee000, 0x00000236ff31f800, 0x00000236808c0000,
0x00000236fec3a000, 0x00000236fec59800, 0x00000236809b4000, 0x00000236809ba800,
0x00000236809b5000, 0x00000236809b6000, 0x00000236809b9000, 0x00000236809b6800,
0x00000236809b7800, 0x00000236809b8800, 0x00000236809ba000, 0x0000023680b6b800,
0x0000023680b67800, 0x0000023680b68800, 0x0000023680b6f000, 0x0000023680b6c800,
0x0000023680b6a000, 0x0000023680b6f800, 0x0000023680b70800, 0x0000023680b6a800,
0x0000023680b71000, 0x0000023680b72000, 0x0000023680b73000, 0x0000023680b6d000,
0x0000023680b76000, 0x0000023680b73800, 0x0000023680b74800, 0x0000023680b75800,
0x0000023683ec2800, 0x0000023683ec7000, 0x0000023683ec4800, 0x0000023683ec5800,
0x0000023683ec6800, 0x0000023683ec8000, 0x0000023683ec3000, 0x0000023683ec4000,
0x0000023683ec9000, 0x00000236ff4f5000, 0x00000236ff4f2000, 0x00000236ff4f3800,
0x00000236ff4f4800, 0x00000236ff4ef800, 0x00000236ff4f0800
}

Java Threads: ( => current thread )
  0x00000236e304c000 JavaThread "main" [_thread_blocked, id=1872, stack(0x000000e656000000,0x000000e656100000)]
  0x00000236fd3bb000 JavaThread "Reference Handler" daemon [_thread_blocked, id=3764, stack(0x000000e656700000,0x000000e656800000)]
  0x00000236fd3be800 JavaThread "Finalizer" daemon [_thread_blocked, id=4796, stack(0x000000e656800000,0x000000e656900000)]
  0x00000236fd3e9000 JavaThread "Signal Dispatcher" daemon [_thread_blocked, id=20692, stack(0x000000e656900000,0x000000e656a00000)]
  0x00000236fd3ea000 JavaThread "Attach Listener" daemon [_thread_blocked, id=7312, stack(0x000000e656a00000,0x000000e656b00000)]
  0x00000236fd3ee000 JavaThread "Service Thread" daemon [_thread_blocked, id=21212, stack(0x000000e656b00000,0x000000e656c00000)]
  0x00000236fd3f3000 JavaThread "C2 CompilerThread0" daemon [_thread_blocked, id=20604, stack(0x000000e656c00000,0x000000e656d00000)]
  0x00000236fd3f7800 JavaThread "C1 CompilerThread0" daemon [_thread_blocked, id=19556, stack(0x000000e656d00000,0x000000e656e00000)]
  0x00000236fd3fb000 JavaThread "Sweeper thread" daemon [_thread_blocked, id=6164, stack(0x000000e656e00000,0x000000e656f00000)]
  0x00000236fdea2000 JavaThread "Common-Cleaner" daemon [_thread_blocked, id=17928, stack(0x000000e656f00000,0x000000e657000000)]
  0x00000236804e8800 JavaThread "Daemon health stats" [_thread_blocked, id=12376, stack(0x000000e657300000,0x000000e657400000)]
  0x0000023680826800 JavaThread "Incoming local TCP Connector on port 64315" [_thread_in_native, id=11332, stack(0x000000e657400000,0x000000e657500000)]
  0x00000236feed2000 JavaThread "Daemon" [_thread_blocked, id=17276, stack(0x000000e657500000,0x000000e657600000)]
  0x0000023681aee000 JavaThread "Daemon periodic checks" [_thread_blocked, id=13064, stack(0x000000e657600000,0x000000e657700000)]
  0x00000236ff31f800 JavaThread "Handler for socket connection from /127.0.0.1:64315 to /127.0.0.1:64316" [_thread_in_native, id=8596, stack(0x000000e657700000,0x000000e657800000)]
  0x00000236808c0000 JavaThread "Cancel handler" [_thread_blocked, id=1044, stack(0x000000e657900000,0x000000e657a00000)]
  0x00000236fec3a000 JavaThread "Daemon worker" [_thread_blocked, id=14276, stack(0x000000e657a00000,0x000000e657b00000)]
  0x00000236fec59800 JavaThread "Asynchronous log dispatcher for DefaultDaemonConnection: socket connection from /127.0.0.1:64315 to /127.0.0.1:64316" [_thread_blocked, id=20964, stack(0x000000e657b00000,0x000000e657c00000)]
  0x00000236809b4000 JavaThread "Stdin handler" [_thread_blocked, id=14740, stack(0x000000e657c00000,0x000000e657d00000)]
  0x00000236809ba800 JavaThread "Daemon client event forwarder" [_thread_blocked, id=17512, stack(0x000000e657d00000,0x000000e657e00000)]
  0x00000236809b5000 JavaThread "Cache worker for file hash cache (C:\Users\Waseem Abbas\.gradle\caches\7.0.2\fileHashes)" [_thread_blocked, id=20248, stack(0x000000e657e00000,0x000000e657f00000)]
  0x00000236809b6000 JavaThread "File lock request listener" [_thread_in_native, id=20524, stack(0x000000e657f00000,0x000000e658000000)]
  0x00000236809b9000 JavaThread "Cache worker for journal cache (C:\Users\Waseem Abbas\.gradle\caches\journal-1)" [_thread_blocked, id=836, stack(0x000000e658000000,0x000000e658100000)]
  0x00000236809b6800 JavaThread "Cache worker for file hash cache (C:\Users\Waseem Abbas\AndroidStudioProjects\ZAT Projects\HotelBooking\.gradle\7.0.2\fileHashes)" [_thread_blocked, id=2716, stack(0x000000e658100000,0x000000e658200000)]
  0x00000236809b7800 JavaThread "File watcher server" daemon [_thread_blocked, id=9032, stack(0x000000e658200000,0x000000e658300000)]
  0x00000236809b8800 JavaThread "File watcher consumer" daemon [_thread_blocked, id=9404, stack(0x000000e658300000,0x000000e658400000)]
  0x00000236809ba000 JavaThread "Cache worker for checksums cache (C:\Users\Waseem Abbas\AndroidStudioProjects\ZAT Projects\HotelBooking\.gradle\checksums)" [_thread_blocked, id=15116, stack(0x000000e658400000,0x000000e658500000)]
  0x0000023680b6b800 JavaThread "Cache worker for cache directory md-supplier (C:\Users\Waseem Abbas\.gradle\caches\7.0.2\md-supplier)" [_thread_blocked, id=7460, stack(0x000000e658500000,0x000000e658600000)]
  0x0000023680b67800 JavaThread "Cache worker for cache directory md-rule (C:\Users\Waseem Abbas\.gradle\caches\7.0.2\md-rule)" [_thread_blocked, id=20712, stack(0x000000e658600000,0x000000e658700000)]
  0x0000023680b68800 JavaThread "Cache worker for execution history cache (C:\Users\Waseem Abbas\.gradle\caches\7.0.2\executionHistory)" [_thread_blocked, id=12744, stack(0x000000e658700000,0x000000e658800000)]
  0x0000023680b6f000 JavaThread "jar transforms" [_thread_blocked, id=4936, stack(0x000000e658800000,0x000000e658900000)]
  0x0000023680b6c800 JavaThread "jar transforms Thread 2" [_thread_blocked, id=21044, stack(0x000000e658900000,0x000000e658a00000)]
  0x0000023680b6a000 JavaThread "Cache worker for file content cache (C:\Users\Waseem Abbas\.gradle\caches\7.0.2\fileContent)" [_thread_blocked, id=8988, stack(0x000000e658a00000,0x000000e658b00000)]
  0x0000023680b6f800 JavaThread "Cache worker for dependencies-accessors (C:\Users\Waseem Abbas\AndroidStudioProjects\ZAT Projects\HotelBooking\.gradle\7.0.2\dependencies-accessors)" [_thread_blocked, id=13284, stack(0x000000e658b00000,0x000000e658c00000)]
  0x0000023680b70800 JavaThread "jar transforms Thread 3" [_thread_blocked, id=13500, stack(0x000000e658c00000,0x000000e658d00000)]
  0x0000023680b6a800 JavaThread "Cache worker for Build Output Cleanup Cache (C:\Users\Waseem Abbas\AndroidStudioProjects\ZAT Projects\HotelBooking\.gradle\buildOutputCleanup)" [_thread_blocked, id=15852, stack(0x000000e658d00000,0x000000e658e00000)]
  0x0000023680b71000 JavaThread "Build operations" [_thread_blocked, id=476, stack(0x000000e658e00000,0x000000e658f00000)]
  0x0000023680b72000 JavaThread "Build operations Thread 2" [_thread_blocked, id=20500, stack(0x000000e658f00000,0x000000e659000000)]
  0x0000023680b73000 JavaThread "Build operations Thread 3" [_thread_blocked, id=9336, stack(0x000000e659000000,0x000000e659100000)]
  0x0000023680b6d000 JavaThread "Build operations Thread 4" [_thread_blocked, id=868, stack(0x000000e659100000,0x000000e659200000)]
  0x0000023680b76000 JavaThread "jar transforms Thread 4" [_thread_blocked, id=17240, stack(0x000000e659200000,0x000000e659300000)]
  0x0000023680b73800 JavaThread "Memory manager" [_thread_blocked, id=960, stack(0x000000e659300000,0x000000e659400000)]
  0x0000023680b74800 JavaThread "build event listener" [_thread_blocked, id=7328, stack(0x000000e659400000,0x000000e659500000)]
  0x0000023680b75800 JavaThread "build event listener" [_thread_blocked, id=7612, stack(0x000000e659500000,0x000000e659600000)]
  0x0000023683ec2800 JavaThread "Execution worker for ':'" [_thread_blocked, id=14408, stack(0x000000e659600000,0x000000e659700000)]
  0x0000023683ec7000 JavaThread "Execution worker for ':' Thread 2" [_thread_blocked, id=20660, stack(0x000000e659700000,0x000000e659800000)]
  0x0000023683ec4800 JavaThread "Execution worker for ':' Thread 3" [_thread_blocked, id=14108, stack(0x000000e659800000,0x000000e659900000)]
  0x0000023683ec5800 JavaThread "Cache worker for execution history cache (C:\Users\Waseem Abbas\AndroidStudioProjects\ZAT Projects\HotelBooking\.gradle\7.0.2\executionHistory)" [_thread_blocked, id=20620, stack(0x000000e659900000,0x000000e659a00000)]
  0x0000023683ec6800 JavaThread "WorkerExecutor Queue" [_thread_blocked, id=9072, stack(0x000000e659a00000,0x000000e659b00000)]
  0x0000023683ec8000 JavaThread "WorkerExecutor Queue Thread 2" [_thread_blocked, id=20360, stack(0x000000e659b00000,0x000000e659c00000)]
  0x0000023683ec3000 JavaThread "pool-3-thread-1" [_thread_blocked, id=14280, stack(0x000000e659c00000,0x000000e659d00000)]
  0x0000023683ec4000 JavaThread "stderr" [_thread_in_native, id=6792, stack(0x000000e659d00000,0x000000e659e00000)]
  0x0000023683ec9000 JavaThread "stdout" [_thread_in_native, id=21228, stack(0x000000e659e00000,0x000000e659f00000)]
  0x00000236ff4f5000 JavaThread "WorkerExecutor Queue Thread 3" [_thread_blocked, id=19584, stack(0x000000e659f00000,0x000000e65a000000)]
  0x00000236ff4f2000 JavaThread "WorkerExecutor Queue Thread 4" [_thread_blocked, id=3000, stack(0x000000e65a000000,0x000000e65a100000)]
  0x00000236ff4f3800 JavaThread "ForkJoinPool-1-worker-3" daemon [_thread_blocked, id=964, stack(0x000000e65a100000,0x000000e65a200000)]
  0x00000236ff4f4800 JavaThread "ForkJoinPool-1-worker-5" daemon [_thread_blocked, id=14972, stack(0x000000e65a200000,0x000000e65a300000)]
  0x00000236ff4ef800 JavaThread "ForkJoinPool-1-worker-7" daemon [_thread_blocked, id=20484, stack(0x000000e65a300000,0x000000e65a400000)]
  0x00000236ff4f0800 JavaThread "ForkJoinPool-1-worker-1" daemon [_thread_blocked, id=1380, stack(0x000000e65a400000,0x000000e65a500000)]

Other Threads:
=>0x00000236fd3b5800 VMThread "VM Thread" [stack: 0x000000e656600000,0x000000e656700000] [id=13748]
  0x00000236fdeea000 WatcherThread [stack: 0x000000e657000000,0x000000e657100000] [id=11548]
  0x00000236e3064800 GCTaskThread "GC Thread#0" [stack: 0x000000e656100000,0x000000e656200000] [id=7340]
  0x00000236fddd4000 GCTaskThread "GC Thread#1" [stack: 0x000000e657100000,0x000000e657200000] [id=13644]
  0x00000236fddd2000 GCTaskThread "GC Thread#2" [stack: 0x000000e657200000,0x000000e657300000] [id=5788]
  0x00000236fddd2800 GCTaskThread "GC Thread#3" [stack: 0x000000e657800000,0x000000e657900000] [id=20904]
  0x00000236e3096000 ConcurrentGCThread "G1 Main Marker" [stack: 0x000000e656200000,0x000000e656300000] [id=8500]
  0x00000236e3098000 ConcurrentGCThread "G1 Conc#0" [stack: 0x000000e656300000,0x000000e656400000] [id=4988]
  0x00000236e3124800 ConcurrentGCThread "G1 Refine#0" [stack: 0x000000e656400000,0x000000e656500000] [id=19296]
  0x0000023686445000 ConcurrentGCThread "G1 Refine#1" [stack: 0x000000e65a500000,0x000000e65a600000] [id=18104]
  0x00000236863da800 ConcurrentGCThread "G1 Refine#2" [stack: 0x000000e65a600000,0x000000e65a700000] [id=6240]
  0x00000236e3126000 ConcurrentGCThread "G1 Young RemSet Sampling" [stack: 0x000000e656500000,0x000000e656600000] [id=20616]

Threads with active compile tasks:
C2 CompilerThread0  26040 12337       4       com.android.tools.r8.internal.YB$$Lambda$1255/0x0000000100d40040::accept (11 bytes)
C1 CompilerThread0  26040 12350       3       com.android.tools.r8.dex.z$c::a (94 bytes)

VM state:at safepoint (normal execution)

VM Mutex/Monitor currently owned by a thread:  ([mutex/lock_event])
[0x00000236e3048a10] Threads_lock - owner thread: 0x00000236fd3b5800
[0x00000236e30483e0] Heap_lock - owner thread: 0x00000236ff4f5000

Heap address: 0x0000000080000000, size: 2048 MB, Compressed Oops mode: 32-bit
Narrow klass base: 0x0000000000000000, Narrow klass shift: 3
Compressed class space size: 1073741824 Address: 0x0000000100000000

Heap:
 garbage-first heap   total 673792K, used 213903K [0x0000000080000000, 0x0000000100000000)
  region size 1024K, 2 young (2048K), 2 survivors (2048K)
 Metaspace       used 96979K, capacity 99504K, committed 99836K, reserved 1136640K
  class space    used 12676K, capacity 13571K, committed 13696K, reserved 1048576K
Heap Regions: E=young(eden), S=young(survivor), O=old, HS=humongous(starts), HC=humongous(continues), CS=collection set, F=free, A=archive, TAMS=top-at-mark-start (previous, next)
|   0|0x0000000080000000, 0x0000000080100000, 0x0000000080100000|100%|HS|  |TAMS 0x0000000080100000, 0x0000000080000000| Complete 
|   1|0x0000000080100000, 0x0000000080200000, 0x0000000080200000|100%|HC|  |TAMS 0x0000000080200000, 0x0000000080100000| Complete 
|   2|0x0000000080200000, 0x0000000080300000, 0x0000000080300000|100%|HC|  |TAMS 0x0000000080300000, 0x0000000080200000| Complete 
|   3|0x0000000080300000, 0x0000000080400000, 0x0000000080400000|100%| O|  |TAMS 0x0000000080400000, 0x0000000080300000| Untracked 
|   4|0x0000000080400000, 0x0000000080500000, 0x0000000080500000|100%| O|  |TAMS 0x0000000080500000, 0x0000000080400000| Untracked 
|   5|0x0000000080500000, 0x0000000080600000, 0x0000000080600000|100%| O|  |TAMS 0x0000000080600000, 0x0000000080500000| Untracked 
|   6|0x0000000080600000, 0x0000000080700000, 0x0000000080700000|100%| O|  |TAMS 0x0000000080700000, 0x0000000080600000| Untracked 
|   7|0x0000000080700000, 0x0000000080800000, 0x0000000080800000|100%| O|  |TAMS 0x0000000080800000, 0x0000000080700000| Untracked 
|   8|0x0000000080800000, 0x0000000080900000, 0x0000000080900000|100%| O|  |TAMS 0x0000000080900000, 0x0000000080800000| Untracked 
|   9|0x0000000080900000, 0x0000000080a00000, 0x0000000080a00000|100%| O|  |TAMS 0x0000000080a00000, 0x0000000080900000| Untracked 
|  10|0x0000000080a00000, 0x0000000080b00000, 0x0000000080b00000|100%| O|  |TAMS 0x0000000080b00000, 0x0000000080a00000| Complete 
|  11|0x0000000080b00000, 0x0000000080c00000, 0x0000000080c00000|100%| O|  |TAMS 0x0000000080c00000, 0x0000000080b00000| Untracked 
|  12|0x0000000080c00000, 0x0000000080d00000, 0x0000000080d00000|100%| O|  |TAMS 0x0000000080d00000, 0x0000000080c00000| Untracked 
|  13|0x0000000080d00000, 0x0000000080e00000, 0x0000000080e00000|100%| O|  |TAMS 0x0000000080e00000, 0x0000000080d00000| Untracked 
|  14|0x0000000080e00000, 0x0000000080f00000, 0x0000000080f00000|100%| O|  |TAMS 0x0000000080f00000, 0x0000000080e00000| Untracked 
|  15|0x0000000080f00000, 0x0000000081000000, 0x0000000081000000|100%|HS|  |TAMS 0x0000000081000000, 0x0000000080f00000| Complete 
|  16|0x0000000081000000, 0x0000000081100000, 0x0000000081100000|100%| O|  |TAMS 0x0000000081100000, 0x0000000081000000| Untracked 
|  17|0x0000000081100000, 0x0000000081200000, 0x0000000081200000|100%| O|  |TAMS 0x0000000081200000, 0x0000000081100000| Untracked 
|  18|0x0000000081200000, 0x0000000081300000, 0x0000000081300000|100%| O|  |TAMS 0x0000000081300000, 0x0000000081200000| Untracked 
|  19|0x0000000081300000, 0x0000000081400000, 0x0000000081400000|100%| O|  |TAMS 0x0000000081400000, 0x0000000081300000| Untracked 
|  20|0x0000000081400000, 0x0000000081500000, 0x0000000081500000|100%| O|  |TAMS 0x0000000081500000, 0x0000000081400000| Complete 
|  21|0x0000000081500000, 0x0000000081600000, 0x0000000081600000|100%| O|  |TAMS 0x0000000081600000, 0x0000000081500000| Untracked 
|  22|0x0000000081600000, 0x0000000081700000, 0x0000000081700000|100%| O|  |TAMS 0x0000000081700000, 0x0000000081600000| Untracked 
|  23|0x0000000081700000, 0x0000000081800000, 0x0000000081800000|100%| O|  |TAMS 0x0000000081800000, 0x0000000081700000| Untracked 
|  24|0x0000000081800000, 0x0000000081900000, 0x0000000081900000|100%| O|  |TAMS 0x0000000081900000, 0x0000000081800000| Untracked 
|  25|0x0000000081900000, 0x0000000081a00000, 0x0000000081a00000|100%| O|  |TAMS 0x0000000081a00000, 0x0000000081900000| Untracked 
|  26|0x0000000081a00000, 0x0000000081b00000, 0x0000000081b00000|100%| O|  |TAMS 0x0000000081b00000, 0x0000000081a00000| Complete 
|  27|0x0000000081b00000, 0x0000000081c00000, 0x0000000081c00000|100%|HS|  |TAMS 0x0000000081c00000, 0x0000000081b00000| Complete 
|  28|0x0000000081c00000, 0x0000000081d00000, 0x0000000081d00000|100%|HS|  |TAMS 0x0000000081d00000, 0x0000000081c00000| Complete 
|  29|0x0000000081d00000, 0x0000000081e00000, 0x0000000081e00000|100%|HS|  |TAMS 0x0000000081e00000, 0x0000000081d00000| Complete 
|  30|0x0000000081e00000, 0x0000000081f00000, 0x0000000081f00000|100%|HC|  |TAMS 0x0000000081f00000, 0x0000000081e00000| Complete 
|  31|0x0000000081f00000, 0x0000000082000000, 0x0000000082000000|100%|HC|  |TAMS 0x0000000082000000, 0x0000000081f00000| Complete 
|  32|0x0000000082000000, 0x0000000082100000, 0x0000000082100000|100%|HS|  |TAMS 0x0000000082100000, 0x0000000082000000| Complete 
|  33|0x0000000082100000, 0x0000000082200000, 0x0000000082200000|100%|HC|  |TAMS 0x0000000082200000, 0x0000000082100000| Complete 
|  34|0x0000000082200000, 0x0000000082300000, 0x0000000082300000|100%| O|  |TAMS 0x0000000082300000, 0x0000000082200000| Untracked 
|  35|0x0000000082300000, 0x0000000082400000, 0x0000000082400000|100%| O|  |TAMS 0x0000000082400000, 0x0000000082300000| Complete 
|  36|0x0000000082400000, 0x0000000082500000, 0x0000000082500000|100%| O|  |TAMS 0x0000000082500000, 0x0000000082400000| Complete 
|  37|0x0000000082500000, 0x0000000082600000, 0x0000000082600000|100%| O|  |TAMS 0x0000000082600000, 0x0000000082500000| Complete 
|  38|0x0000000082600000, 0x0000000082700000, 0x0000000082700000|100%| O|  |TAMS 0x0000000082700000, 0x0000000082600000| Complete 
|  39|0x0000000082700000, 0x0000000082800000, 0x0000000082800000|100%| O|  |TAMS 0x0000000082800000, 0x0000000082700000| Untracked 
|  40|0x0000000082800000, 0x0000000082900000, 0x0000000082900000|100%| O|  |TAMS 0x0000000082900000, 0x0000000082800000| Untracked 
|  41|0x0000000082900000, 0x0000000082a00000, 0x0000000082a00000|100%| O|  |TAMS 0x0000000082a00000, 0x0000000082900000| Untracked 
|  42|0x0000000082a00000, 0x0000000082b00000, 0x0000000082b00000|100%| O|  |TAMS 0x0000000082b00000, 0x0000000082a00000| Untracked 
|  43|0x0000000082b00000, 0x0000000082c00000, 0x0000000082c00000|100%| O|  |TAMS 0x0000000082c00000, 0x0000000082b00000| Untracked 
|  44|0x0000000082c00000, 0x0000000082d00000, 0x0000000082d00000|100%| O|  |TAMS 0x0000000082d00000, 0x0000000082c00000| Untracked 
|  45|0x0000000082d00000, 0x0000000082e00000, 0x0000000082e00000|100%| O|  |TAMS 0x0000000082e00000, 0x0000000082d00000| Untracked 
|  46|0x0000000082e00000, 0x0000000082f00000, 0x0000000082f00000|100%| O|  |TAMS 0x0000000082f00000, 0x0000000082e00000| Untracked 
|  47|0x0000000082f00000, 0x0000000083000000, 0x0000000083000000|100%| O|  |TAMS 0x0000000083000000, 0x0000000082f00000| Untracked 
|  48|0x0000000083000000, 0x0000000083100000, 0x0000000083100000|100%| O|  |TAMS 0x0000000083100000, 0x0000000083000000| Complete 
|  49|0x0000000083100000, 0x0000000083200000, 0x0000000083200000|100%| O|  |TAMS 0x0000000083200000, 0x0000000083100000| Complete 
|  50|0x0000000083200000, 0x0000000083300000, 0x0000000083300000|100%| O|  |TAMS 0x0000000083300000, 0x0000000083200000| Untracked 
|  51|0x0000000083300000, 0x0000000083400000, 0x0000000083400000|100%| O|  |TAMS 0x0000000083400000, 0x0000000083300000| Untracked 
|  52|0x0000000083400000, 0x0000000083500000, 0x0000000083500000|100%| O|  |TAMS 0x0000000083500000, 0x0000000083400000| Untracked 
|  53|0x0000000083500000, 0x0000000083600000, 0x0000000083600000|100%| O|  |TAMS 0x0000000083600000, 0x0000000083500000| Untracked 
|  54|0x0000000083600000, 0x0000000083700000, 0x0000000083700000|100%| O|  |TAMS 0x0000000083700000, 0x0000000083600000| Untracked 
|  55|0x0000000083700000, 0x0000000083800000, 0x0000000083800000|100%| O|  |TAMS 0x0000000083800000, 0x0000000083700000| Untracked 
|  56|0x0000000083800000, 0x0000000083900000, 0x0000000083900000|100%| O|  |TAMS 0x0000000083900000, 0x0000000083800000| Untracked 
|  57|0x0000000083900000, 0x0000000083a00000, 0x0000000083a00000|100%| O|  |TAMS 0x0000000083a00000, 0x0000000083900000| Untracked 
|  58|0x0000000083a00000, 0x0000000083b00000, 0x0000000083b00000|100%| O|  |TAMS 0x0000000083b00000, 0x0000000083a00000| Untracked 
|  59|0x0000000083b00000, 0x0000000083c00000, 0x0000000083c00000|100%| O|  |TAMS 0x0000000083c00000, 0x0000000083b00000| Untracked 
|  60|0x0000000083c00000, 0x0000000083d00000, 0x0000000083d00000|100%| O|  |TAMS 0x0000000083d00000, 0x0000000083c00000| Untracked 
|  61|0x0000000083d00000, 0x0000000083e00000, 0x0000000083e00000|100%| O|  |TAMS 0x0000000083e00000, 0x0000000083d00000| Untracked 
|  62|0x0000000083e00000, 0x0000000083f00000, 0x0000000083f00000|100%| O|  |TAMS 0x0000000083f00000, 0x0000000083e00000| Untracked 
|  63|0x0000000083f00000, 0x0000000084000000, 0x0000000084000000|100%| O|  |TAMS 0x0000000084000000, 0x0000000083f00000| Untracked 
|  64|0x0000000084000000, 0x0000000084100000, 0x0000000084100000|100%| O|  |TAMS 0x0000000084100000, 0x0000000084000000| Untracked 
|  65|0x0000000084100000, 0x0000000084200000, 0x0000000084200000|100%| O|  |TAMS 0x0000000084200000, 0x0000000084100000| Untracked 
|  66|0x0000000084200000, 0x0000000084300000, 0x0000000084300000|100%| O|  |TAMS 0x0000000084300000, 0x0000000084200000| Complete 
|  67|0x0000000084300000, 0x0000000084400000, 0x0000000084400000|100%| O|  |TAMS 0x0000000084400000, 0x0000000084300000| Untracked 
|  68|0x0000000084400000, 0x0000000084500000, 0x0000000084500000|100%| O|  |TAMS 0x0000000084500000, 0x0000000084400000| Untracked 
|  69|0x0000000084500000, 0x0000000084600000, 0x0000000084600000|100%| O|  |TAMS 0x0000000084600000, 0x0000000084500000| Untracked 
|  70|0x0000000084600000, 0x0000000084700000, 0x0000000084700000|100%| O|  |TAMS 0x0000000084700000, 0x0000000084600000| Complete 
|  71|0x0000000084700000, 0x0000000084800000, 0x0000000084800000|100%| O|  |TAMS 0x0000000084800000, 0x0000000084700000| Untracked 
|  72|0x0000000084800000, 0x0000000084900000, 0x0000000084900000|100%| O|  |TAMS 0x0000000084900000, 0x0000000084800000| Untracked 
|  73|0x0000000084900000, 0x0000000084a00000, 0x0000000084a00000|100%| O|  |TAMS 0x0000000084a00000, 0x0000000084900000| Complete 
|  74|0x0000000084a00000, 0x0000000084b00000, 0x0000000084b00000|100%| O|  |TAMS 0x0000000084b00000, 0x0000000084a00000| Complete 
|  75|0x0000000084b00000, 0x0000000084c00000, 0x0000000084c00000|100%| O|  |TAMS 0x0000000084c00000, 0x0000000084b00000| Complete 
|  76|0x0000000084c00000, 0x0000000084d00000, 0x0000000084d00000|100%| O|  |TAMS 0x0000000084d00000, 0x0000000084c00000| Untracked 
|  77|0x0000000084d00000, 0x0000000084e00000, 0x0000000084e00000|100%| O|  |TAMS 0x0000000084e00000, 0x0000000084d00000| Complete 
|  78|0x0000000084e00000, 0x0000000084f00000, 0x0000000084f00000|100%| O|  |TAMS 0x0000000084f00000, 0x0000000084e00000| Untracked 
|  79|0x0000000084f00000, 0x0000000085000000, 0x0000000085000000|100%| O|  |TAMS 0x0000000085000000, 0x0000000084f00000| Complete 
|  80|0x0000000085000000, 0x0000000085100000, 0x0000000085100000|100%| O|  |TAMS 0x0000000085100000, 0x0000000085000000| Complete 
|  81|0x0000000085100000, 0x0000000085200000, 0x0000000085200000|100%|HS|  |TAMS 0x0000000085200000, 0x0000000085100000| Complete 
|  82|0x0000000085200000, 0x0000000085300000, 0x0000000085300000|100%|HC|  |TAMS 0x0000000085300000, 0x0000000085200000| Complete 
|  83|0x0000000085300000, 0x0000000085400000, 0x0000000085400000|100%|HS|  |TAMS 0x0000000085400000, 0x0000000085300000| Complete 
|  84|0x0000000085400000, 0x0000000085500000, 0x0000000085500000|100%|HS|  |TAMS 0x0000000085500000, 0x0000000085400000| Complete 
|  85|0x0000000085500000, 0x0000000085600000, 0x0000000085600000|100%|HS|  |TAMS 0x0000000085600000, 0x0000000085500000| Complete 
|  86|0x0000000085600000, 0x0000000085700000, 0x0000000085700000|100%|HS|  |TAMS 0x0000000085700000, 0x0000000085600000| Complete 
|  87|0x0000000085700000, 0x0000000085800000, 0x0000000085800000|100%|HS|  |TAMS 0x0000000085800000, 0x0000000085700000| Complete 
|  88|0x0000000085800000, 0x0000000085900000, 0x0000000085900000|100%|HS|  |TAMS 0x0000000085900000, 0x0000000085800000| Complete 
|  89|0x0000000085900000, 0x0000000085a00000, 0x0000000085a00000|100%|HC|  |TAMS 0x0000000085a00000, 0x0000000085900000| Complete 
|  90|0x0000000085a00000, 0x0000000085b00000, 0x0000000085b00000|100%|HS|  |TAMS 0x0000000085b00000, 0x0000000085a00000| Complete 
|  91|0x0000000085b00000, 0x0000000085c00000, 0x0000000085c00000|100%|HC|  |TAMS 0x0000000085c00000, 0x0000000085b00000| Complete 
|  92|0x0000000085c00000, 0x0000000085d00000, 0x0000000085d00000|100%|HC|  |TAMS 0x0000000085d00000, 0x0000000085c00000| Complete 
|  93|0x0000000085d00000, 0x0000000085e00000, 0x0000000085e00000|100%| O|  |TAMS 0x0000000085d00000, 0x0000000085d00000| Untracked 
|  94|0x0000000085e00000, 0x0000000085f00000, 0x0000000085f00000|100%|HS|  |TAMS 0x0000000085f00000, 0x0000000085e00000| Complete 
|  95|0x0000000085f00000, 0x0000000086000000, 0x0000000086000000|100%| O|  |TAMS 0x0000000085f00000, 0x0000000085f00000| Untracked 
|  96|0x0000000086000000, 0x0000000086100000, 0x0000000086100000|100%| O|  |TAMS 0x0000000086000000, 0x0000000086000000| Untracked 
|  97|0x0000000086100000, 0x0000000086200000, 0x0000000086200000|100%| O|  |TAMS 0x0000000086100000, 0x0000000086100000| Untracked 
|  98|0x0000000086200000, 0x0000000086300000, 0x0000000086300000|100%| O|  |TAMS 0x0000000086200000, 0x0000000086200000| Untracked 
|  99|0x0000000086300000, 0x0000000086400000, 0x0000000086400000|100%|HS|  |TAMS 0x0000000086400000, 0x0000000086300000| Complete 
| 100|0x0000000086400000, 0x0000000086500000, 0x0000000086500000|100%| O|  |TAMS 0x0000000086500000, 0x0000000086400000| Untracked 
| 101|0x0000000086500000, 0x0000000086600000, 0x0000000086600000|100%| O|  |TAMS 0x0000000086600000, 0x0000000086500000| Untracked 
| 102|0x0000000086600000, 0x0000000086700000, 0x0000000086700000|100%| O|  |TAMS 0x0000000086700000, 0x0000000086600000| Untracked 
| 103|0x0000000086700000, 0x0000000086800000, 0x0000000086800000|100%| O|  |TAMS 0x0000000086800000, 0x0000000086700000| Untracked 
| 104|0x0000000086800000, 0x0000000086900000, 0x0000000086900000|100%| O|  |TAMS 0x0000000086900000, 0x0000000086800000| Untracked 
| 105|0x0000000086900000, 0x0000000086a00000, 0x0000000086a00000|100%| O|  |TAMS 0x0000000086a00000, 0x0000000086900000| Complete 
| 106|0x0000000086a00000, 0x0000000086b00000, 0x0000000086b00000|100%| O|  |TAMS 0x0000000086b00000, 0x0000000086a00000| Untracked 
| 107|0x0000000086b00000, 0x0000000086c00000, 0x0000000086c00000|100%| O|  |TAMS 0x0000000086b00000, 0x0000000086b00000| Untracked 
| 108|0x0000000086c00000, 0x0000000086d00000, 0x0000000086d00000|100%| O|  |TAMS 0x0000000086d00000, 0x0000000086c00000| Untracked 
| 109|0x0000000086d00000, 0x0000000086e00000, 0x0000000086e00000|100%| O|  |TAMS 0x0000000086d00000, 0x0000000086d00000| Untracked 
| 110|0x0000000086e00000, 0x0000000086f00000, 0x0000000086f00000|100%| O|  |TAMS 0x0000000086f00000, 0x0000000086e00000| Untracked 
| 111|0x0000000086f00000, 0x0000000087000000, 0x0000000087000000|100%| O|  |TAMS 0x0000000087000000, 0x0000000086f00000| Untracked 
| 112|0x0000000087000000, 0x0000000087100000, 0x0000000087100000|100%| O|  |TAMS 0x0000000087000000, 0x0000000087000000| Untracked 
| 113|0x0000000087100000, 0x0000000087200000, 0x0000000087200000|100%| O|  |TAMS 0x0000000087100000, 0x0000000087100000| Untracked 
| 114|0x0000000087200000, 0x0000000087300000, 0x0000000087300000|100%| O|  |TAMS 0x0000000087300000, 0x0000000087200000| Untracked 
| 115|0x0000000087300000, 0x0000000087400000, 0x0000000087400000|100%| O|  |TAMS 0x0000000087400000, 0x0000000087300000| Untracked 
| 116|0x0000000087400000, 0x0000000087500000, 0x0000000087500000|100%| O|  |TAMS 0x0000000087500000, 0x0000000087400000| Untracked 
| 117|0x0000000087500000, 0x0000000087600000, 0x0000000087600000|100%| O|  |TAMS 0x0000000087500000, 0x0000000087500000| Untracked 
| 118|0x0000000087600000, 0x0000000087700000, 0x0000000087700000|100%| O|  |TAMS 0x0000000087600000, 0x0000000087600000| Untracked 
| 119|0x0000000087700000, 0x0000000087800000, 0x0000000087800000|100%| O|  |TAMS 0x0000000087700000, 0x0000000087700000| Untracked 
| 120|0x0000000087800000, 0x0000000087900000, 0x0000000087900000|100%| O|  |TAMS 0x0000000087900000, 0x0000000087800000| Untracked 
| 121|0x0000000087900000, 0x0000000087a00000, 0x0000000087a00000|100%| O|  |TAMS 0x0000000087a00000, 0x0000000087900000| Untracked 
| 122|0x0000000087a00000, 0x0000000087b00000, 0x0000000087b00000|100%| O|  |TAMS 0x0000000087b00000, 0x0000000087a00000| Untracked 
| 123|0x0000000087b00000, 0x0000000087c00000, 0x0000000087c00000|100%| O|  |TAMS 0x0000000087c00000, 0x0000000087b00000| Untracked 
| 124|0x0000000087c00000, 0x0000000087d00000, 0x0000000087d00000|100%| O|  |TAMS 0x0000000087d00000, 0x0000000087c00000| Untracked 
| 125|0x0000000087d00000, 0x0000000087e00000, 0x0000000087e00000|100%| O|  |TAMS 0x0000000087e00000, 0x0000000087d00000| Untracked 
| 126|0x0000000087e00000, 0x0000000087f00000, 0x0000000087f00000|100%| O|  |TAMS 0x0000000087f00000, 0x0000000087e00000| Complete 
| 127|0x0000000087f00000, 0x0000000087fe3c00, 0x0000000088000000| 88%| O|  |TAMS 0x0000000087f00000, 0x0000000087f00000| Untracked 
| 128|0x0000000088000000, 0x0000000088000000, 0x0000000088100000|  0%| F|  |TAMS 0x0000000088000000, 0x0000000088000000| Untracked 
| 129|0x0000000088100000, 0x0000000088100000, 0x0000000088200000|  0%| F|  |TAMS 0x0000000088100000, 0x0000000088100000| Untracked 
| 130|0x0000000088200000, 0x0000000088300000, 0x0000000088300000|100%| O|  |TAMS 0x0000000088300000, 0x0000000088200000| Untracked 
| 131|0x0000000088300000, 0x0000000088400000, 0x0000000088400000|100%| O|  |TAMS 0x0000000088400000, 0x0000000088300000| Complete 
| 132|0x0000000088400000, 0x0000000088500000, 0x0000000088500000|100%| O|  |TAMS 0x0000000088500000, 0x0000000088400000| Untracked 
| 133|0x0000000088500000, 0x0000000088600000, 0x0000000088600000|100%| O|  |TAMS 0x0000000088600000, 0x0000000088500000| Complete 
| 134|0x0000000088600000, 0x0000000088600000, 0x0000000088700000|  0%| F|  |TAMS 0x0000000088600000, 0x0000000088600000| Untracked 
| 135|0x0000000088700000, 0x0000000088700000, 0x0000000088800000|  0%| F|  |TAMS 0x0000000088700000, 0x0000000088700000| Untracked 
| 136|0x0000000088800000, 0x0000000088800000, 0x0000000088900000|  0%| F|  |TAMS 0x0000000088800000, 0x0000000088800000| Untracked 
| 137|0x0000000088900000, 0x0000000088a00000, 0x0000000088a00000|100%| O|  |TAMS 0x0000000088a00000, 0x0000000088900000| Complete 
| 138|0x0000000088a00000, 0x0000000088b00000, 0x0000000088b00000|100%| O|  |TAMS 0x0000000088b00000, 0x0000000088a00000| Untracked 
| 139|0x0000000088b00000, 0x0000000088c00000, 0x0000000088c00000|100%| O|  |TAMS 0x0000000088c00000, 0x0000000088b00000| Untracked 
| 140|0x0000000088c00000, 0x0000000088d00000, 0x0000000088d00000|100%| O|  |TAMS 0x0000000088d00000, 0x0000000088c00000| Untracked 
| 141|0x0000000088d00000, 0x0000000088e00000, 0x0000000088e00000|100%| O|  |TAMS 0x0000000088e00000, 0x0000000088d00000| Untracked 
| 142|0x0000000088e00000, 0x0000000088f00000, 0x0000000088f00000|100%| O|  |TAMS 0x0000000088f00000, 0x0000000088e00000| Complete 
| 143|0x0000000088f00000, 0x0000000089000000, 0x0000000089000000|100%| O|  |TAMS 0x0000000089000000, 0x0000000088f00000| Complete 
| 144|0x0000000089000000, 0x0000000089100000, 0x0000000089100000|100%| O|  |TAMS 0x0000000089100000, 0x0000000089000000| Untracked 
| 145|0x0000000089100000, 0x0000000089200000, 0x0000000089200000|100%| O|  |TAMS 0x0000000089200000, 0x0000000089100000| Untracked 
| 146|0x0000000089200000, 0x0000000089300000, 0x0000000089300000|100%| O|  |TAMS 0x0000000089300000, 0x0000000089200000| Complete 
| 147|0x0000000089300000, 0x0000000089400000, 0x0000000089400000|100%| O|  |TAMS 0x0000000089400000, 0x0000000089300000| Untracked 
| 148|0x0000000089400000, 0x0000000089500000, 0x0000000089500000|100%| O|  |TAMS 0x0000000089500000, 0x0000000089400000| Untracked 
| 149|0x0000000089500000, 0x0000000089600000, 0x0000000089600000|100%| O|  |TAMS 0x0000000089600000, 0x0000000089500000| Untracked 
| 150|0x0000000089600000, 0x0000000089700000, 0x0000000089700000|100%| O|  |TAMS 0x0000000089700000, 0x0000000089600000| Untracked 
| 151|0x0000000089700000, 0x0000000089800000, 0x0000000089800000|100%| O|  |TAMS 0x0000000089800000, 0x0000000089700000| Untracked 
| 152|0x0000000089800000, 0x0000000089900000, 0x0000000089900000|100%| O|  |TAMS 0x0000000089900000, 0x0000000089800000| Untracked 
| 153|0x0000000089900000, 0x0000000089a00000, 0x0000000089a00000|100%| O|  |TAMS 0x0000000089a00000, 0x0000000089900000| Untracked 
| 154|0x0000000089a00000, 0x0000000089b00000, 0x0000000089b00000|100%| O|  |TAMS 0x0000000089b00000, 0x0000000089a00000| Untracked 
| 155|0x0000000089b00000, 0x0000000089c00000, 0x0000000089c00000|100%| O|  |TAMS 0x0000000089c00000, 0x0000000089b00000| Untracked 
| 156|0x0000000089c00000, 0x0000000089d00000, 0x0000000089d00000|100%| O|  |TAMS 0x0000000089d00000, 0x0000000089c00000| Untracked 
| 157|0x0000000089d00000, 0x0000000089e00000, 0x0000000089e00000|100%| O|  |TAMS 0x0000000089e00000, 0x0000000089d00000| Untracked 
| 158|0x0000000089e00000, 0x0000000089f00000, 0x0000000089f00000|100%| O|  |TAMS 0x0000000089f00000, 0x0000000089e00000| Untracked 
| 159|0x0000000089f00000, 0x000000008a000000, 0x000000008a000000|100%| O|  |TAMS 0x000000008a000000, 0x0000000089f00000| Untracked 
| 160|0x000000008a000000, 0x000000008a100000, 0x000000008a100000|100%| O|  |TAMS 0x000000008a100000, 0x000000008a000000| Complete 
| 161|0x000000008a100000, 0x000000008a200000, 0x000000008a200000|100%| O|  |TAMS 0x000000008a200000, 0x000000008a100000| Complete 
| 162|0x000000008a200000, 0x000000008a300000, 0x000000008a300000|100%| O|  |TAMS 0x000000008a300000, 0x000000008a200000| Complete 
| 163|0x000000008a300000, 0x000000008a400000, 0x000000008a400000|100%| O|  |TAMS 0x000000008a400000, 0x000000008a300000| Untracked 
| 164|0x000000008a400000, 0x000000008a500000, 0x000000008a500000|100%| O|  |TAMS 0x000000008a500000, 0x000000008a400000| Untracked 
| 165|0x000000008a500000, 0x000000008a600000, 0x000000008a600000|100%| O|  |TAMS 0x000000008a600000, 0x000000008a500000| Untracked 
| 166|0x000000008a600000, 0x000000008a700000, 0x000000008a700000|100%| O|  |TAMS 0x000000008a700000, 0x000000008a600000| Complete 
| 167|0x000000008a700000, 0x000000008a800000, 0x000000008a800000|100%| O|  |TAMS 0x000000008a800000, 0x000000008a700000| Complete 
| 168|0x000000008a800000, 0x000000008a900000, 0x000000008a900000|100%| O|  |TAMS 0x000000008a900000, 0x000000008a800000| Untracked 
| 169|0x000000008a900000, 0x000000008aa00000, 0x000000008aa00000|100%| O|  |TAMS 0x000000008aa00000, 0x000000008a900000| Complete 
| 170|0x000000008aa00000, 0x000000008ab00000, 0x000000008ab00000|100%| O|  |TAMS 0x000000008ab00000, 0x000000008aa00000| Untracked 
| 171|0x000000008ab00000, 0x000000008ac00000, 0x000000008ac00000|100%| O|  |TAMS 0x000000008ac00000, 0x000000008ab00000| Untracked 
| 172|0x000000008ac00000, 0x000000008ad00000, 0x000000008ad00000|100%| O|  |TAMS 0x000000008ad00000, 0x000000008ac00000| Complete 
| 173|0x000000008ad00000, 0x000000008ae00000, 0x000000008ae00000|100%| O|  |TAMS 0x000000008ae00000, 0x000000008ad00000| Complete 
| 174|0x000000008ae00000, 0x000000008af00000, 0x000000008af00000|100%| O|  |TAMS 0x000000008af00000, 0x000000008ae00000| Untracked 
| 175|0x000000008af00000, 0x000000008b000000, 0x000000008b000000|100%| O|  |TAMS 0x000000008b000000, 0x000000008af00000| Untracked 
| 176|0x000000008b000000, 0x000000008b100000, 0x000000008b100000|100%| O|  |TAMS 0x000000008b100000, 0x000000008b000000| Untracked 
| 177|0x000000008b100000, 0x000000008b200000, 0x000000008b200000|100%| O|  |TAMS 0x000000008b200000, 0x000000008b100000| Complete 
| 178|0x000000008b200000, 0x000000008b300000, 0x000000008b300000|100%| O|  |TAMS 0x000000008b300000, 0x000000008b200000| Untracked 
| 179|0x000000008b300000, 0x000000008b400000, 0x000000008b400000|100%| O|  |TAMS 0x000000008b400000, 0x000000008b300000| Complete 
| 180|0x000000008b400000, 0x000000008b500000, 0x000000008b500000|100%| O|  |TAMS 0x000000008b500000, 0x000000008b400000| Untracked 
| 181|0x000000008b500000, 0x000000008b600000, 0x000000008b600000|100%| O|  |TAMS 0x000000008b600000, 0x000000008b500000| Untracked 
| 182|0x000000008b600000, 0x000000008b700000, 0x000000008b700000|100%| O|  |TAMS 0x000000008b700000, 0x000000008b600000| Untracked 
| 183|0x000000008b700000, 0x000000008b800000, 0x000000008b800000|100%| O|  |TAMS 0x000000008b800000, 0x000000008b700000| Untracked 
| 184|0x000000008b800000, 0x000000008b900000, 0x000000008b900000|100%| O|  |TAMS 0x000000008b900000, 0x000000008b800000| Untracked 
| 185|0x000000008b900000, 0x000000008ba00000, 0x000000008ba00000|100%| O|  |TAMS 0x000000008ba00000, 0x000000008b900000| Untracked 
| 186|0x000000008ba00000, 0x000000008bb00000, 0x000000008bb00000|100%| O|  |TAMS 0x000000008bb00000, 0x000000008ba00000| Complete 
| 187|0x000000008bb00000, 0x000000008bc00000, 0x000000008bc00000|100%| O|  |TAMS 0x000000008bc00000, 0x000000008bb00000| Complete 
| 188|0x000000008bc00000, 0x000000008bd00000, 0x000000008bd00000|100%| O|  |TAMS 0x000000008bd00000, 0x000000008bc00000| Complete 
| 189|0x000000008bd00000, 0x000000008be00000, 0x000000008be00000|100%| O|  |TAMS 0x000000008be00000, 0x000000008bd00000| Complete 
| 190|0x000000008be00000, 0x000000008bf00000, 0x000000008bf00000|100%| O|  |TAMS 0x000000008bf00000, 0x000000008be00000| Untracked 
| 191|0x000000008bf00000, 0x000000008c000000, 0x000000008c000000|100%| O|  |TAMS 0x000000008c000000, 0x000000008bf00000| Complete 
| 192|0x000000008c000000, 0x000000008c100000, 0x000000008c100000|100%| O|  |TAMS 0x000000008c100000, 0x000000008c000000| Untracked 
| 193|0x000000008c100000, 0x000000008c200000, 0x000000008c200000|100%| O|  |TAMS 0x000000008c200000, 0x000000008c100000| Untracked 
| 194|0x000000008c200000, 0x000000008c300000, 0x000000008c300000|100%| O|  |TAMS 0x000000008c300000, 0x000000008c200000| Untracked 
| 195|0x000000008c300000, 0x000000008c400000, 0x000000008c400000|100%| O|  |TAMS 0x000000008c400000, 0x000000008c300000| Complete 
| 196|0x000000008c400000, 0x000000008c500000, 0x000000008c500000|100%| O|  |TAMS 0x000000008c500000, 0x000000008c400000| Complete 
| 197|0x000000008c500000, 0x000000008c600000, 0x000000008c600000|100%| O|  |TAMS 0x000000008c600000, 0x000000008c500000| Untracked 
| 198|0x000000008c600000, 0x000000008c700000, 0x000000008c700000|100%| O|  |TAMS 0x000000008c700000, 0x000000008c600000| Untracked 
| 199|0x000000008c700000, 0x000000008c800000, 0x000000008c800000|100%| O|  |TAMS 0x000000008c800000, 0x000000008c700000| Untracked 
| 200|0x000000008c800000, 0x000000008c900000, 0x000000008c900000|100%| O|  |TAMS 0x000000008c900000, 0x000000008c800000| Untracked 
| 201|0x000000008c900000, 0x000000008ca00000, 0x000000008ca00000|100%| O|  |TAMS 0x000000008ca00000, 0x000000008c900000| Untracked 
| 202|0x000000008ca00000, 0x000000008cb00000, 0x000000008cb00000|100%| O|  |TAMS 0x000000008cb00000, 0x000000008ca00000| Untracked 
| 203|0x000000008cb00000, 0x000000008cc00000, 0x000000008cc00000|100%| O|  |TAMS 0x000000008cc00000, 0x000000008cb00000| Untracked 
| 204|0x000000008cc00000, 0x000000008cd00000, 0x000000008cd00000|100%| O|  |TAMS 0x000000008cd00000, 0x000000008cc00000| Untracked 
| 205|0x000000008cd00000, 0x000000008ce00000, 0x000000008ce00000|100%| O|  |TAMS 0x000000008ce00000, 0x000000008cd00000| Untracked 
| 206|0x000000008ce00000, 0x000000008cf00000, 0x000000008cf00000|100%| O|  |TAMS 0x000000008cf00000, 0x000000008ce00000| Complete 
| 207|0x000000008cf00000, 0x000000008d000000, 0x000000008d000000|100%| O|  |TAMS 0x000000008d000000, 0x000000008cf00000| Untracked 
| 208|0x000000008d000000, 0x000000008d100000, 0x000000008d100000|100%| O|  |TAMS 0x000000008d100000, 0x000000008d000000| Complete 
| 209|0x000000008d100000, 0x000000008d200000, 0x000000008d200000|100%| O|  |TAMS 0x000000008d200000, 0x000000008d100000| Untracked 
| 210|0x000000008d200000, 0x000000008d300000, 0x000000008d300000|100%| O|  |TAMS 0x000000008d300000, 0x000000008d200000| Complete 
| 211|0x000000008d300000, 0x000000008d400000, 0x000000008d400000|100%| O|  |TAMS 0x000000008d380000, 0x000000008d300000| Untracked 
| 212|0x000000008d400000, 0x000000008d400000, 0x000000008d500000|  0%| F|  |TAMS 0x000000008d400000, 0x000000008d400000| Untracked 
| 213|0x000000008d500000, 0x000000008d500000, 0x000000008d600000|  0%| F|  |TAMS 0x000000008d500000, 0x000000008d500000| Untracked 
| 214|0x000000008d600000, 0x000000008d600000, 0x000000008d700000|  0%| F|  |TAMS 0x000000008d600000, 0x000000008d600000| Untracked 
| 215|0x000000008d700000, 0x000000008d700000, 0x000000008d800000|  0%| F|  |TAMS 0x000000008d700000, 0x000000008d700000| Untracked 
| 216|0x000000008d800000, 0x000000008d800000, 0x000000008d900000|  0%| F|  |TAMS 0x000000008d800000, 0x000000008d800000| Untracked 
| 217|0x000000008d900000, 0x000000008d900000, 0x000000008da00000|  0%| F|  |TAMS 0x000000008d900000, 0x000000008d900000| Untracked 
| 218|0x000000008da00000, 0x000000008da00000, 0x000000008db00000|  0%| F|  |TAMS 0x000000008da00000, 0x000000008da00000| Untracked 
| 219|0x000000008db00000, 0x000000008db00000, 0x000000008dc00000|  0%| F|  |TAMS 0x000000008db00000, 0x000000008db00000| Untracked 
| 220|0x000000008dc00000, 0x000000008dc00000, 0x000000008dd00000|  0%| F|  |TAMS 0x000000008dc00000, 0x000000008dc00000| Untracked 
| 221|0x000000008dd00000, 0x000000008dd00000, 0x000000008de00000|  0%| F|  |TAMS 0x000000008dd00000, 0x000000008dd00000| Untracked 
| 222|0x000000008de00000, 0x000000008de00000, 0x000000008df00000|  0%| F|  |TAMS 0x000000008de00000, 0x000000008de00000| Untracked 
| 223|0x000000008df00000, 0x000000008df00000, 0x000000008e000000|  0%| F|  |TAMS 0x000000008df00000, 0x000000008df00000| Untracked 
| 224|0x000000008e000000, 0x000000008e000000, 0x000000008e100000|  0%| F|  |TAMS 0x000000008e000000, 0x000000008e000000| Untracked 
| 225|0x000000008e100000, 0x000000008e100000, 0x000000008e200000|  0%| F|  |TAMS 0x000000008e100000, 0x000000008e100000| Untracked 
| 226|0x000000008e200000, 0x000000008e200000, 0x000000008e300000|  0%| F|  |TAMS 0x000000008e200000, 0x000000008e200000| Untracked 
| 227|0x000000008e300000, 0x000000008e300000, 0x000000008e400000|  0%| F|  |TAMS 0x000000008e300000, 0x000000008e300000| Untracked 
| 228|0x000000008e400000, 0x000000008e400000, 0x000000008e500000|  0%| F|  |TAMS 0x000000008e400000, 0x000000008e400000| Untracked 
| 229|0x000000008e500000, 0x000000008e500000, 0x000000008e600000|  0%| F|  |TAMS 0x000000008e500000, 0x000000008e500000| Untracked 
| 230|0x000000008e600000, 0x000000008e600000, 0x000000008e700000|  0%| F|  |TAMS 0x000000008e600000, 0x000000008e600000| Untracked 
| 231|0x000000008e700000, 0x000000008e700000, 0x000000008e800000|  0%| F|  |TAMS 0x000000008e700000, 0x000000008e700000| Untracked 
| 232|0x000000008e800000, 0x000000008e800000, 0x000000008e900000|  0%| F|  |TAMS 0x000000008e800000, 0x000000008e800000| Untracked 
| 233|0x000000008e900000, 0x000000008e900000, 0x000000008ea00000|  0%| F|  |TAMS 0x000000008e900000, 0x000000008e900000| Untracked 
| 234|0x000000008ea00000, 0x000000008ea00000, 0x000000008eb00000|  0%| F|  |TAMS 0x000000008ea00000, 0x000000008ea00000| Untracked 
| 235|0x000000008eb00000, 0x000000008eb00000, 0x000000008ec00000|  0%| F|  |TAMS 0x000000008eb00000, 0x000000008eb00000| Untracked 
| 236|0x000000008ec00000, 0x000000008ec00000, 0x000000008ed00000|  0%| F|  |TAMS 0x000000008ec00000, 0x000000008ec00000| Untracked 
| 237|0x000000008ed00000, 0x000000008ed00000, 0x000000008ee00000|  0%| F|  |TAMS 0x000000008ed00000, 0x000000008ed00000| Untracked 
| 238|0x000000008ee00000, 0x000000008ee00000, 0x000000008ef00000|  0%| F|  |TAMS 0x000000008ee00000, 0x000000008ee00000| Untracked 
| 239|0x000000008ef00000, 0x000000008ef00000, 0x000000008f000000|  0%| F|  |TAMS 0x000000008ef00000, 0x000000008ef00000| Untracked 
| 240|0x000000008f000000, 0x000000008f000000, 0x000000008f100000|  0%| F|  |TAMS 0x000000008f000000, 0x000000008f000000| Untracked 
| 241|0x000000008f100000, 0x000000008f100000, 0x000000008f200000|  0%| F|  |TAMS 0x000000008f100000, 0x000000008f100000| Untracked 
| 242|0x000000008f200000, 0x000000008f200000, 0x000000008f300000|  0%| F|  |TAMS 0x000000008f200000, 0x000000008f200000| Untracked 
| 243|0x000000008f300000, 0x000000008f300000, 0x000000008f400000|  0%| F|  |TAMS 0x000000008f300000, 0x000000008f300000| Untracked 
| 244|0x000000008f400000, 0x000000008f400000, 0x000000008f500000|  0%| F|  |TAMS 0x000000008f400000, 0x000000008f400000| Untracked 
| 245|0x000000008f500000, 0x000000008f500000, 0x000000008f600000|  0%| F|  |TAMS 0x000000008f500000, 0x000000008f500000| Untracked 
| 246|0x000000008f600000, 0x000000008f600000, 0x000000008f700000|  0%| F|  |TAMS 0x000000008f600000, 0x000000008f600000| Untracked 
| 247|0x000000008f700000, 0x000000008f700000, 0x000000008f800000|  0%| F|  |TAMS 0x000000008f700000, 0x000000008f700000| Untracked 
| 248|0x000000008f800000, 0x000000008f800000, 0x000000008f900000|  0%| F|  |TAMS 0x000000008f800000, 0x000000008f800000| Untracked 
| 249|0x000000008f900000, 0x000000008f900000, 0x000000008fa00000|  0%| F|  |TAMS 0x000000008f900000, 0x000000008f900000| Untracked 
| 250|0x000000008fa00000, 0x000000008fa00000, 0x000000008fb00000|  0%| F|  |TAMS 0x000000008fa00000, 0x000000008fa00000| Untracked 
| 251|0x000000008fb00000, 0x000000008fb00000, 0x000000008fc00000|  0%| F|  |TAMS 0x000000008fb00000, 0x000000008fb00000| Untracked 
| 252|0x000000008fc00000, 0x000000008fc00000, 0x000000008fd00000|  0%| F|  |TAMS 0x000000008fc00000, 0x000000008fc00000| Untracked 
| 253|0x000000008fd00000, 0x000000008fd00000, 0x000000008fe00000|  0%| F|  |TAMS 0x000000008fd00000, 0x000000008fd00000| Untracked 
| 254|0x000000008fe00000, 0x000000008fe00000, 0x000000008ff00000|  0%| F|  |TAMS 0x000000008fe00000, 0x000000008fe00000| Untracked 
| 255|0x000000008ff00000, 0x000000008ff00000, 0x0000000090000000|  0%| F|  |TAMS 0x000000008ff00000, 0x000000008ff00000| Untracked 
| 256|0x0000000090000000, 0x0000000090000000, 0x0000000090100000|  0%| F|  |TAMS 0x0000000090000000, 0x0000000090000000| Untracked 
| 257|0x0000000090100000, 0x0000000090100000, 0x0000000090200000|  0%| F|  |TAMS 0x0000000090100000, 0x0000000090100000| Untracked 
| 258|0x0000000090200000, 0x0000000090200000, 0x0000000090300000|  0%| F|  |TAMS 0x0000000090200000, 0x0000000090200000| Untracked 
| 259|0x0000000090300000, 0x0000000090300000, 0x0000000090400000|  0%| F|  |TAMS 0x0000000090300000, 0x0000000090300000| Untracked 
| 260|0x0000000090400000, 0x0000000090400000, 0x0000000090500000|  0%| F|  |TAMS 0x0000000090400000, 0x0000000090400000| Untracked 
| 261|0x0000000090500000, 0x0000000090500000, 0x0000000090600000|  0%| F|  |TAMS 0x0000000090500000, 0x0000000090500000| Untracked 
| 262|0x0000000090600000, 0x0000000090600000, 0x0000000090700000|  0%| F|  |TAMS 0x0000000090600000, 0x0000000090600000| Untracked 
| 263|0x0000000090700000, 0x0000000090700000, 0x0000000090800000|  0%| F|  |TAMS 0x0000000090700000, 0x0000000090700000| Untracked 
| 264|0x0000000090800000, 0x0000000090800000, 0x0000000090900000|  0%| F|  |TAMS 0x0000000090800000, 0x0000000090800000| Untracked 
| 265|0x0000000090900000, 0x0000000090900000, 0x0000000090a00000|  0%| F|  |TAMS 0x0000000090900000, 0x0000000090900000| Untracked 
| 266|0x0000000090a00000, 0x0000000090a00000, 0x0000000090b00000|  0%| F|  |TAMS 0x0000000090a00000, 0x0000000090a00000| Untracked 
| 267|0x0000000090b00000, 0x0000000090b00000, 0x0000000090c00000|  0%| F|  |TAMS 0x0000000090b00000, 0x0000000090b00000| Untracked 
| 268|0x0000000090c00000, 0x0000000090c00000, 0x0000000090d00000|  0%| F|  |TAMS 0x0000000090c00000, 0x0000000090c00000| Untracked 
| 269|0x0000000090d00000, 0x0000000090d00000, 0x0000000090e00000|  0%| F|  |TAMS 0x0000000090d00000, 0x0000000090d00000| Untracked 
| 270|0x0000000090e00000, 0x0000000090e00000, 0x0000000090f00000|  0%| F|  |TAMS 0x0000000090e00000, 0x0000000090e00000| Untracked 
| 271|0x0000000090f00000, 0x0000000090f00000, 0x0000000091000000|  0%| F|  |TAMS 0x0000000090f00000, 0x0000000090f00000| Untracked 
| 272|0x0000000091000000, 0x0000000091000000, 0x0000000091100000|  0%| F|  |TAMS 0x0000000091000000, 0x0000000091000000| Untracked 
| 273|0x0000000091100000, 0x0000000091100000, 0x0000000091200000|  0%| F|  |TAMS 0x0000000091100000, 0x0000000091100000| Untracked 
| 274|0x0000000091200000, 0x0000000091200000, 0x0000000091300000|  0%| F|  |TAMS 0x0000000091200000, 0x0000000091200000| Untracked 
| 275|0x0000000091300000, 0x0000000091300000, 0x0000000091400000|  0%| F|  |TAMS 0x0000000091300000, 0x0000000091300000| Untracked 
| 276|0x0000000091400000, 0x0000000091400000, 0x0000000091500000|  0%| F|  |TAMS 0x0000000091400000, 0x0000000091400000| Untracked 
| 277|0x0000000091500000, 0x0000000091500000, 0x0000000091600000|  0%| F|  |TAMS 0x0000000091500000, 0x0000000091500000| Untracked 
| 278|0x0000000091600000, 0x0000000091600000, 0x0000000091700000|  0%| F|  |TAMS 0x0000000091600000, 0x0000000091600000| Untracked 
| 279|0x0000000091700000, 0x0000000091700000, 0x0000000091800000|  0%| F|  |TAMS 0x0000000091700000, 0x0000000091700000| Untracked 
| 280|0x0000000091800000, 0x0000000091800000, 0x0000000091900000|  0%| F|  |TAMS 0x0000000091800000, 0x0000000091800000| Untracked 
| 281|0x0000000091900000, 0x0000000091900000, 0x0000000091a00000|  0%| F|  |TAMS 0x0000000091900000, 0x0000000091900000| Untracked 
| 282|0x0000000091a00000, 0x0000000091a00000, 0x0000000091b00000|  0%| F|  |TAMS 0x0000000091a00000, 0x0000000091a00000| Untracked 
| 283|0x0000000091b00000, 0x0000000091b00000, 0x0000000091c00000|  0%| F|  |TAMS 0x0000000091b00000, 0x0000000091b00000| Untracked 
| 284|0x0000000091c00000, 0x0000000091c00000, 0x0000000091d00000|  0%| F|  |TAMS 0x0000000091c00000, 0x0000000091c00000| Untracked 
| 285|0x0000000091d00000, 0x0000000091d00000, 0x0000000091e00000|  0%| F|  |TAMS 0x0000000091d00000, 0x0000000091d00000| Untracked 
| 286|0x0000000091e00000, 0x0000000091e00000, 0x0000000091f00000|  0%| F|  |TAMS 0x0000000091e00000, 0x0000000091e00000| Untracked 
| 287|0x0000000091f00000, 0x0000000091f00000, 0x0000000092000000|  0%| F|  |TAMS 0x0000000091f00000, 0x0000000091f00000| Untracked 
| 288|0x0000000092000000, 0x0000000092000000, 0x0000000092100000|  0%| F|  |TAMS 0x0000000092000000, 0x0000000092000000| Untracked 
| 289|0x0000000092100000, 0x0000000092100000, 0x0000000092200000|  0%| F|  |TAMS 0x0000000092100000, 0x0000000092100000| Untracked 
| 290|0x0000000092200000, 0x0000000092200000, 0x0000000092300000|  0%| F|  |TAMS 0x0000000092200000, 0x0000000092200000| Untracked 
| 291|0x0000000092300000, 0x0000000092300000, 0x0000000092400000|  0%| F|  |TAMS 0x0000000092300000, 0x0000000092300000| Untracked 
| 292|0x0000000092400000, 0x0000000092400000, 0x0000000092500000|  0%| F|  |TAMS 0x0000000092400000, 0x0000000092400000| Untracked 
| 293|0x0000000092500000, 0x0000000092500000, 0x0000000092600000|  0%| F|  |TAMS 0x0000000092500000, 0x0000000092500000| Untracked 
| 294|0x0000000092600000, 0x0000000092600000, 0x0000000092700000|  0%| F|  |TAMS 0x0000000092600000, 0x0000000092600000| Untracked 
| 295|0x0000000092700000, 0x0000000092700000, 0x0000000092800000|  0%| F|  |TAMS 0x0000000092700000, 0x0000000092700000| Untracked 
| 296|0x0000000092800000, 0x0000000092800000, 0x0000000092900000|  0%| F|  |TAMS 0x0000000092800000, 0x0000000092800000| Untracked 
| 297|0x0000000092900000, 0x0000000092900000, 0x0000000092a00000|  0%| F|  |TAMS 0x0000000092900000, 0x0000000092900000| Untracked 
| 298|0x0000000092a00000, 0x0000000092a00000, 0x0000000092b00000|  0%| F|  |TAMS 0x0000000092a00000, 0x0000000092a00000| Untracked 
| 299|0x0000000092b00000, 0x0000000092b00000, 0x0000000092c00000|  0%| F|  |TAMS 0x0000000092b00000, 0x0000000092b00000| Untracked 
| 300|0x0000000092c00000, 0x0000000092c00000, 0x0000000092d00000|  0%| F|  |TAMS 0x0000000092c00000, 0x0000000092c00000| Untracked 
| 301|0x0000000092d00000, 0x0000000092d00000, 0x0000000092e00000|  0%| F|  |TAMS 0x0000000092d00000, 0x0000000092d00000| Untracked 
| 302|0x0000000092e00000, 0x0000000092e00000, 0x0000000092f00000|  0%| F|  |TAMS 0x0000000092e00000, 0x0000000092e00000| Untracked 
| 303|0x0000000092f00000, 0x0000000092f00000, 0x0000000093000000|  0%| F|  |TAMS 0x0000000092f00000, 0x0000000092f00000| Untracked 
| 304|0x0000000093000000, 0x0000000093000000, 0x0000000093100000|  0%| F|  |TAMS 0x0000000093000000, 0x0000000093000000| Untracked 
| 305|0x0000000093100000, 0x0000000093100000, 0x0000000093200000|  0%| F|  |TAMS 0x0000000093100000, 0x0000000093100000| Untracked 
| 306|0x0000000093200000, 0x0000000093200000, 0x0000000093300000|  0%| F|  |TAMS 0x0000000093200000, 0x0000000093200000| Untracked 
| 307|0x0000000093300000, 0x0000000093300000, 0x0000000093400000|  0%| F|  |TAMS 0x0000000093300000, 0x0000000093300000| Untracked 
| 308|0x0000000093400000, 0x0000000093400000, 0x0000000093500000|  0%| F|  |TAMS 0x0000000093400000, 0x0000000093400000| Untracked 
| 309|0x0000000093500000, 0x0000000093500000, 0x0000000093600000|  0%| F|  |TAMS 0x0000000093500000, 0x0000000093500000| Untracked 
| 310|0x0000000093600000, 0x0000000093600000, 0x0000000093700000|  0%| F|  |TAMS 0x0000000093600000, 0x0000000093600000| Untracked 
| 311|0x0000000093700000, 0x0000000093700000, 0x0000000093800000|  0%| F|  |TAMS 0x0000000093700000, 0x0000000093700000| Untracked 
| 312|0x0000000093800000, 0x0000000093800000, 0x0000000093900000|  0%| F|  |TAMS 0x0000000093800000, 0x0000000093800000| Untracked 
| 313|0x0000000093900000, 0x0000000093900000, 0x0000000093a00000|  0%| F|  |TAMS 0x0000000093900000, 0x0000000093900000| Untracked 
| 314|0x0000000093a00000, 0x0000000093a00000, 0x0000000093b00000|  0%| F|  |TAMS 0x0000000093a00000, 0x0000000093a00000| Untracked 
| 315|0x0000000093b00000, 0x0000000093b00000, 0x0000000093c00000|  0%| F|  |TAMS 0x0000000093b00000, 0x0000000093b00000| Untracked 
| 316|0x0000000093c00000, 0x0000000093d00000, 0x0000000093d00000|100%| S|CS|TAMS 0x0000000093c00000, 0x0000000093c00000| Complete 
| 317|0x0000000093d00000, 0x0000000093e00000, 0x0000000093e00000|100%| S|CS|TAMS 0x0000000093d00000, 0x0000000093d00000| Complete 
| 318|0x0000000093e00000, 0x0000000093e00000, 0x0000000093f00000|  0%| F|  |TAMS 0x0000000093e00000, 0x0000000093e00000| Untracked 
| 319|0x0000000093f00000, 0x0000000093f00000, 0x0000000094000000|  0%| F|  |TAMS 0x0000000093f00000, 0x0000000093f00000| Untracked 
| 320|0x0000000094000000, 0x0000000094000000, 0x0000000094100000|  0%| F|  |TAMS 0x0000000094000000, 0x0000000094000000| Untracked 
| 321|0x0000000094100000, 0x0000000094100000, 0x0000000094200000|  0%| F|  |TAMS 0x0000000094100000, 0x0000000094100000| Untracked 
| 322|0x0000000094200000, 0x0000000094200000, 0x0000000094300000|  0%| F|  |TAMS 0x0000000094200000, 0x0000000094200000| Untracked 
| 323|0x0000000094300000, 0x0000000094300000, 0x0000000094400000|  0%| F|  |TAMS 0x0000000094300000, 0x0000000094300000| Untracked 
| 324|0x0000000094400000, 0x0000000094400000, 0x0000000094500000|  0%| F|  |TAMS 0x0000000094400000, 0x0000000094400000| Untracked 
| 325|0x0000000094500000, 0x0000000094500000, 0x0000000094600000|  0%| F|  |TAMS 0x0000000094500000, 0x0000000094500000| Untracked 
| 326|0x0000000094600000, 0x0000000094600000, 0x0000000094700000|  0%| F|  |TAMS 0x0000000094600000, 0x0000000094600000| Untracked 
| 327|0x0000000094700000, 0x0000000094700000, 0x0000000094800000|  0%| F|  |TAMS 0x0000000094700000, 0x0000000094700000| Untracked 
| 328|0x0000000094800000, 0x0000000094800000, 0x0000000094900000|  0%| F|  |TAMS 0x0000000094800000, 0x0000000094800000| Untracked 

Card table byte_map: [0x00000236f6580000,0x00000236f6980000] _byte_map_base: 0x00000236f6180000

Marking Bits (Prev, Next): (CMBitMap*) 0x00000236e308d0b8, (CMBitMap*) 0x00000236e308d0f0
 Prev Bits: [0x00000236f6d80000, 0x00000236f8d80000)
 Next Bits: [0x00000236f8d80000, 0x00000236fad80000)

Polling page: 0x00000236e1720000

Metaspace:

Usage:
  Non-class:     83.92 MB capacity,    82.33 MB ( 98%) used,     1.31 MB (  2%) free+waste,   286.56 KB ( <1%) overhead. 
      Class:     13.25 MB capacity,    12.38 MB ( 93%) used,   766.46 KB (  6%) free+waste,   127.63 KB ( <1%) overhead. 
       Both:     97.17 MB capacity,    94.71 MB ( 97%) used,     2.06 MB (  2%) free+waste,   414.19 KB ( <1%) overhead. 

Virtual space:
  Non-class space:       86.00 MB reserved,      84.12 MB ( 98%) committed 
      Class space:        1.00 GB reserved,      13.38 MB (  1%) committed 
             Both:        1.08 GB reserved,      97.50 MB (  9%) committed 

Chunk freelists:
   Non-Class:  15.00 KB
       Class:  0 bytes
        Both:  15.00 KB

MaxMetaspaceSize: 17179869184.00 GB
CompressedClassSpaceSize: 1.00 GB

CodeHeap 'non-profiled nmethods': size=120064Kb used=5398Kb max_used=5398Kb free=114665Kb
 bounds [0x00000236ee610000, 0x00000236eeb60000, 0x00000236f5b50000]
CodeHeap 'profiled nmethods': size=120000Kb used=22923Kb max_used=22923Kb free=97076Kb
 bounds [0x00000236e70e0000, 0x00000236e8750000, 0x00000236ee610000]
CodeHeap 'non-nmethods': size=5696Kb used=2306Kb max_used=2364Kb free=3389Kb
 bounds [0x00000236e6b50000, 0x00000236e6dc0000, 0x00000236e70e0000]
 total_blobs=13047 nmethods=12138 adapters=820
 compilation: enabled
              stopped_count=0, restarted_count=0
 full_count=0

Compilation events (20 events):
Event: 25.956 Thread 0x00000236fd3f7800 nmethod 12339 0x00000236e873ce10 code [0x00000236e873d000, 0x00000236e873d428]
Event: 25.956 Thread 0x00000236fd3f7800 12341       3       java.util.IdentityHashMap$KeyIterator::next (13 bytes)
Event: 25.956 Thread 0x00000236fd3f7800 nmethod 12341 0x00000236e873d590 code [0x00000236e873d760, 0x00000236e873d9e8]
Event: 25.956 Thread 0x00000236fd3f7800 12342       3       com.android.tools.r8.dex.z$$Lambda$1256/0x0000000100d40440::accept (20 bytes)
Event: 25.957 Thread 0x00000236fd3f7800 nmethod 12342 0x00000236e873db10 code [0x00000236e873dd80, 0x00000236e873e708]
Event: 25.957 Thread 0x00000236fd3f7800 12346       3       com.android.tools.r8.internal.E9::a (276 bytes)
Event: 25.959 Thread 0x00000236fd3f7800 nmethod 12346 0x00000236e873eb10 code [0x00000236e873ef20, 0x00000236e8740898]
Event: 25.959 Thread 0x00000236fd3f7800 12343       3       com.android.tools.r8.dex.z::a (24 bytes)
Event: 25.960 Thread 0x00000236fd3f7800 nmethod 12343 0x00000236e8741110 code [0x00000236e8741360, 0x00000236e8741b68]
Event: 25.960 Thread 0x00000236fd3f7800 12344       3       com.android.tools.r8.graph.S0::a (9 bytes)
Event: 25.960 Thread 0x00000236fd3f7800 nmethod 12344 0x00000236e8741f90 code [0x00000236e8742140, 0x00000236e8742308]
Event: 25.960 Thread 0x00000236fd3f7800 12345       3       com.android.tools.r8.graph.v0$e::a (2 bytes)
Event: 25.960 Thread 0x00000236fd3f7800 nmethod 12345 0x00000236e8742410 code [0x00000236e87425c0, 0x00000236e87426b8]
Event: 25.960 Thread 0x00000236fd3f7800 12340       1       com.android.tools.r8.graph.v0$j::j (5 bytes)
Event: 25.960 Thread 0x00000236fd3f7800 nmethod 12340 0x00000236eeb54a10 code [0x00000236eeb54bc0, 0x00000236eeb54c78]
Event: 25.961 Thread 0x00000236fd3f3000 nmethod 12336% 0x00000236eeb54d10 code [0x00000236eeb54ec0, 0x00000236eeb55788]
Event: 25.961 Thread 0x00000236fd3f3000 12337       4       com.android.tools.r8.internal.YB$$Lambda$1255/0x0000000100d40040::accept (11 bytes)
Event: 25.967 Thread 0x00000236fd3f7800 12349       3       com.android.tools.r8.dex.z$c$$Lambda$1257/0x0000000100d40840::compare (16 bytes)
Event: 25.968 Thread 0x00000236fd3f7800 nmethod 12349 0x00000236e8742790 code [0x00000236e8742960, 0x00000236e8742c68]
Event: 25.968 Thread 0x00000236fd3f7800 12350       3       com.android.tools.r8.dex.z$c::a (94 bytes)

GC Heap History (20 events):
Event: 17.297 GC heap after
{Heap after GC invocations=21 (full 0):
 garbage-first heap   total 227328K, used 87399K [0x0000000080000000, 0x0000000100000000)
  region size 1024K, 5 young (5120K), 5 survivors (5120K)
 Metaspace       used 85995K, capacity 88224K, committed 88316K, reserved 1126400K
  class space    used 11063K, capacity 11835K, committed 11904K, reserved 1048576K
}
Event: 18.062 GC heap before
{Heap before GC invocations=21 (full 0):
 garbage-first heap   total 227328K, used 167271K [0x0000000080000000, 0x0000000100000000)
  region size 1024K, 84 young (86016K), 5 survivors (5120K)
 Metaspace       used 88131K, capacity 90292K, committed 90364K, reserved 1128448K
  class space    used 11335K, capacity 12094K, committed 12160K, reserved 1048576K
}
Event: 18.075 GC heap after
{Heap after GC invocations=22 (full 0):
 garbage-first heap   total 227328K, used 90995K [0x0000000080000000, 0x0000000100000000)
  region size 1024K, 9 young (9216K), 9 survivors (9216K)
 Metaspace       used 88131K, capacity 90292K, committed 90364K, reserved 1128448K
  class space    used 11335K, capacity 12094K, committed 12160K, reserved 1048576K
}
Event: 19.717 GC heap before
{Heap before GC invocations=22 (full 0):
 garbage-first heap   total 227328K, used 181107K [0x0000000080000000, 0x0000000100000000)
  region size 1024K, 80 young (81920K), 9 survivors (9216K)
 Metaspace       used 91945K, capacity 94235K, committed 94460K, reserved 1130496K
  class space    used 11821K, capacity 12597K, committed 12672K, reserved 1048576K
}
Event: 19.738 GC heap after
{Heap after GC invocations=23 (full 0):
 garbage-first heap   total 227328K, used 117460K [0x0000000080000000, 0x0000000100000000)
  region size 1024K, 12 young (12288K), 12 survivors (12288K)
 Metaspace       used 91945K, capacity 94235K, committed 94460K, reserved 1130496K
  class space    used 11821K, capacity 12597K, committed 12672K, reserved 1048576K
}
Event: 20.236 GC heap before
{Heap before GC invocations=24 (full 0):
 garbage-first heap   total 227328K, used 174804K [0x0000000080000000, 0x0000000100000000)
  region size 1024K, 53 young (54272K), 12 survivors (12288K)
 Metaspace       used 92101K, capacity 94316K, committed 94716K, reserved 1132544K
  class space    used 11817K, capacity 12579K, committed 12672K, reserved 1048576K
}
Event: 20.317 GC heap after
{Heap after GC invocations=25 (full 0):
 garbage-first heap   total 227328K, used 143095K [0x0000000080000000, 0x0000000100000000)
  region size 1024K, 10 young (10240K), 10 survivors (10240K)
 Metaspace       used 92101K, capacity 94316K, committed 94716K, reserved 1132544K
  class space    used 11817K, capacity 12579K, committed 12672K, reserved 1048576K
}
Event: 20.867 GC heap before
{Heap before GC invocations=26 (full 0):
 garbage-first heap   total 227328K, used 182007K [0x0000000080000000, 0x0000000100000000)
  region size 1024K, 47 young (48128K), 10 survivors (10240K)
 Metaspace       used 94199K, capacity 96510K, committed 96636K, reserved 1132544K
  class space    used 12284K, capacity 13056K, committed 13056K, reserved 1048576K
}
Event: 20.921 GC heap after
{Heap after GC invocations=27 (full 0):
 garbage-first heap   total 227328K, used 156672K [0x0000000080000000, 0x0000000100000000)
  region size 1024K, 6 young (6144K), 6 survivors (6144K)
 Metaspace       used 94199K, capacity 96510K, committed 96636K, reserved 1132544K
  class space    used 12284K, capacity 13056K, committed 13056K, reserved 1048576K
}
Event: 21.162 GC heap before
{Heap before GC invocations=27 (full 0):
 garbage-first heap   total 227328K, used 184320K [0x0000000080000000, 0x0000000100000000)
  region size 1024K, 33 young (33792K), 6 survivors (6144K)
 Metaspace       used 94315K, capacity 96646K, committed 96892K, reserved 1132544K
  class space    used 12284K, capacity 13056K, committed 13056K, reserved 1048576K
}
Event: 21.201 GC heap after
{Heap after GC invocations=28 (full 0):
 garbage-first heap   total 227328K, used 171520K [0x0000000080000000, 0x0000000100000000)
  region size 1024K, 5 young (5120K), 5 survivors (5120K)
 Metaspace       used 94315K, capacity 96646K, committed 96892K, reserved 1132544K
  class space    used 12284K, capacity 13056K, committed 13056K, reserved 1048576K
}
Event: 21.300 GC heap before
{Heap before GC invocations=28 (full 0):
 garbage-first heap   total 227328K, used 187904K [0x0000000080000000, 0x0000000100000000)
  region size 1024K, 21 young (21504K), 5 survivors (5120K)
 Metaspace       used 94329K, capacity 96649K, committed 96892K, reserved 1132544K
  class space    used 12284K, capacity 13056K, committed 13056K, reserved 1048576K
}
Event: 21.557 GC heap after
{Heap after GC invocations=29 (full 0):
 garbage-first heap   total 336896K, used 181248K [0x0000000080000000, 0x0000000100000000)
  region size 1024K, 3 young (3072K), 3 survivors (3072K)
 Metaspace       used 94329K, capacity 96649K, committed 96892K, reserved 1132544K
  class space    used 12284K, capacity 13056K, committed 13056K, reserved 1048576K
}
Event: 22.918 GC heap before
{Heap before GC invocations=30 (full 0):
 garbage-first heap   total 336896K, used 234496K [0x0000000080000000, 0x0000000100000000)
  region size 1024K, 55 young (56320K), 3 survivors (3072K)
 Metaspace       used 94357K, capacity 96649K, committed 96892K, reserved 1132544K
  class space    used 12284K, capacity 13056K, committed 13056K, reserved 1048576K
}
Event: 22.971 GC heap after
{Heap after GC invocations=31 (full 0):
 garbage-first heap   total 336896K, used 208384K [0x0000000080000000, 0x0000000100000000)
  region size 1024K, 7 young (7168K), 7 survivors (7168K)
 Metaspace       used 94357K, capacity 96649K, committed 96892K, reserved 1132544K
  class space    used 12284K, capacity 13056K, committed 13056K, reserved 1048576K
}
Event: 23.582 GC heap before
{Heap before GC invocations=31 (full 0):
 garbage-first heap   total 336896K, used 250368K [0x0000000080000000, 0x0000000100000000)
  region size 1024K, 49 young (50176K), 7 survivors (7168K)
 Metaspace       used 96174K, capacity 98537K, committed 98812K, reserved 1134592K
  class space    used 12552K, capacity 13404K, committed 13440K, reserved 1048576K
}
Event: 23.632 GC heap after
{Heap after GC invocations=32 (full 0):
 garbage-first heap   total 336896K, used 223744K [0x0000000080000000, 0x0000000100000000)
  region size 1024K, 7 young (7168K), 7 survivors (7168K)
 Metaspace       used 96174K, capacity 98537K, committed 98812K, reserved 1134592K
  class space    used 12552K, capacity 13404K, committed 13440K, reserved 1048576K
}
Event: 25.692 GC heap before
{Heap before GC invocations=33 (full 0):
 garbage-first heap   total 336896K, used 246272K [0x0000000080000000, 0x0000000100000000)
  region size 1024K, 44 young (45056K), 7 survivors (7168K)
 Metaspace       used 96870K, capacity 99398K, committed 99452K, reserved 1134592K
  class space    used 12664K, capacity 13558K, committed 13568K, reserved 1048576K
}
Event: 25.735 GC heap after
{Heap after GC invocations=34 (full 0):
 garbage-first heap   total 336896K, used 215552K [0x0000000080000000, 0x0000000100000000)
  region size 1024K, 5 young (5120K), 5 survivors (5120K)
 Metaspace       used 96870K, capacity 99398K, committed 99452K, reserved 1134592K
  class space    used 12664K, capacity 13558K, committed 13568K, reserved 1048576K
}
Event: 25.968 GC heap before
{Heap before GC invocations=34 (full 0):
 garbage-first heap   total 336896K, used 226816K [0x0000000080000000, 0x0000000100000000)
  region size 1024K, 16 young (16384K), 5 survivors (5120K)
 Metaspace       used 96979K, capacity 99504K, committed 99836K, reserved 1136640K
  class space    used 12676K, capacity 13571K, committed 13696K, reserved 1048576K
}

Deoptimization events (20 events):
Event: 25.899 Thread 0x00000236ff4ef800 DEOPT PACKING pc=0x00000236e87292df sp=0x000000e65a3ff210
Event: 25.899 Thread 0x00000236ff4ef800 DEOPT UNPACKING pc=0x00000236e6b76dde sp=0x000000e65a3fe6d0 mode 0
Event: 25.900 Thread 0x00000236ff4ef800 DEOPT PACKING pc=0x00000236e87292df sp=0x000000e65a3ff210
Event: 25.900 Thread 0x00000236ff4ef800 DEOPT UNPACKING pc=0x00000236e6b76dde sp=0x000000e65a3fe6d0 mode 0
Event: 25.901 Thread 0x00000236ff4ef800 DEOPT PACKING pc=0x00000236e87292df sp=0x000000e65a3ff210
Event: 25.901 Thread 0x00000236ff4ef800 DEOPT UNPACKING pc=0x00000236e6b76dde sp=0x000000e65a3fe6d0 mode 0
Event: 25.901 Thread 0x00000236ff4ef800 DEOPT PACKING pc=0x00000236e87292df sp=0x000000e65a3ff210
Event: 25.901 Thread 0x00000236ff4ef800 DEOPT UNPACKING pc=0x00000236e6b76dde sp=0x000000e65a3fe6d0 mode 0
Event: 25.902 Thread 0x00000236ff4ef800 DEOPT PACKING pc=0x00000236e87292df sp=0x000000e65a3ff210
Event: 25.902 Thread 0x00000236ff4ef800 DEOPT UNPACKING pc=0x00000236e6b76dde sp=0x000000e65a3fe6d0 mode 0
Event: 25.903 Thread 0x00000236ff4ef800 DEOPT PACKING pc=0x00000236e87292df sp=0x000000e65a3ff210
Event: 25.904 Thread 0x00000236ff4ef800 DEOPT UNPACKING pc=0x00000236e6b76dde sp=0x000000e65a3fe6d0 mode 0
Event: 25.906 Thread 0x00000236ff4ef800 DEOPT PACKING pc=0x00000236e87292df sp=0x000000e65a3ff210
Event: 25.906 Thread 0x00000236ff4ef800 DEOPT UNPACKING pc=0x00000236e6b76dde sp=0x000000e65a3fe6d0 mode 0
Event: 25.907 Thread 0x00000236ff4ef800 DEOPT PACKING pc=0x00000236e87292df sp=0x000000e65a3ff210
Event: 25.907 Thread 0x00000236ff4ef800 DEOPT UNPACKING pc=0x00000236e6b76dde sp=0x000000e65a3fe6d0 mode 0
Event: 25.907 Thread 0x00000236ff4ef800 DEOPT PACKING pc=0x00000236e87292df sp=0x000000e65a3ff210
Event: 25.907 Thread 0x00000236ff4ef800 DEOPT UNPACKING pc=0x00000236e6b76dde sp=0x000000e65a3fe6d0 mode 0
Event: 25.941 Thread 0x00000236ff4f5000 DEOPT PACKING pc=0x00000236e7eeed6b sp=0x000000e659ffdad0
Event: 25.941 Thread 0x00000236ff4f5000 DEOPT UNPACKING pc=0x00000236e6b76dde sp=0x000000e659ffcfa8 mode 0

Classes redefined (0 events):
No events

Internal exceptions (20 events):
Event: 19.498 Thread 0x00000236ff4f5000 Exception <a 'sun/nio/fs/WindowsException'{0x000000008a082438}> (0x000000008a082438) thrown at [./src/hotspot/share/prims/jni.cpp, line 615]
Event: 19.554 Thread 0x0000023683ec6800 Exception <a 'java/lang/NoSuchMethodError'{0x0000000089ed41d8}: 'int java.lang.invoke.DirectMethodHandle$Holder.invokeSpecialIFC(java.lang.Object, java.lang.Object, java.lang.Object)'> (0x0000000089ed41d8) thrown at [./src/hotspot/share/interpreter/linkResolver.cpp, line 773]
Event: 19.709 Thread 0x00000236ff4f5000 Exception <a 'java/lang/NoSuchMethodError'{0x0000000089875878}: 'java.lang.Object java.lang.invoke.DirectMethodHandle$Holder.invokeStatic(java.lang.Object, java.lang.Object, java.lang.Object, java.lang.Object, java.lang.Object, java.lang.Object, java.lang.Object, java.lang.Object, java.lang.Object, java.lang.Object, java.lang.Object, java.lang.Object, java.lang.Object, java.lang.Object, java.lang.Object, java.lang.Object, java.lang.Object, java.lang.Object, int, java.lang.Object)'> (0x0000000089875878) thr
Event: 19.709 Thread 0x00000236ff4f5000 Exception <a 'java/lang/NoSuchMethodError'{0x000000008987b108}: 'java.lang.Object java.lang.invoke.DirectMethodHandle$Holder.invokeStaticInit(java.lang.Object, java.lang.Object, java.lang.Object, java.lang.Object, java.lang.Object, java.lang.Object, java.lang.Object, java.lang.Object, java.lang.Object, java.lang.Object, java.lang.Object, java.lang.Object, java.lang.Object, java.lang.Object, java.lang.Object, java.lang.Object, java.lang.Object, java.lang.Object, int, java.lang.Object)'> (0x000000008987b108)
Event: 20.595 Thread 0x00000236ff4ef800 Exception <a 'java/lang/NoSuchMethodError'{0x000000008c122c70}: 'java.lang.Object java.lang.invoke.DirectMethodHandle$Holder.newInvokeSpecial(java.lang.Object, int)'> (0x000000008c122c70) thrown at [./src/hotspot/share/interpreter/linkResolver.cpp, line 773]
Event: 20.734 Thread 0x00000236ff4f0800 Exception <a 'java/lang/IncompatibleClassChangeError'{0x000000008c2133d8}: Found class java.lang.Object, but interface was expected> (0x000000008c2133d8) thrown at [./src/hotspot/share/interpreter/linkResolver.cpp, line 839]
Event: 20.742 Thread 0x00000236ff4f0800 Exception <a 'java/lang/IncompatibleClassChangeError'{0x000000008be620a8}: Found class java.lang.Object, but interface was expected> (0x000000008be620a8) thrown at [./src/hotspot/share/interpreter/linkResolver.cpp, line 839]
Event: 20.743 Thread 0x00000236ff4f0800 Exception <a 'java/lang/IncompatibleClassChangeError'{0x000000008be7c0f8}: Found class java.lang.Object, but interface was expected> (0x000000008be7c0f8) thrown at [./src/hotspot/share/interpreter/linkResolver.cpp, line 839]
Event: 23.287 Thread 0x00000236ff4f5000 Exception <a 'java/lang/NoSuchMethodError'{0x0000000093021380}: 'int java.lang.invoke.DirectMethodHandle$Holder.invokeVirtual(java.lang.Object, java.lang.Object, java.lang.Object, java.lang.Object)'> (0x0000000093021380) thrown at [./src/hotspot/share/interpreter/linkResolver.cpp, line 773]
Event: 23.359 Thread 0x00000236ff4f5000 Exception <a 'java/lang/NoSuchMethodError'{0x0000000092fe1768}: 'void java.lang.invoke.DirectMethodHandle$Holder.invokeStatic(java.lang.Object, java.lang.Object, java.lang.Object, int)'> (0x0000000092fe1768) thrown at [./src/hotspot/share/interpreter/linkResolver.cpp, line 773]
Event: 23.361 Thread 0x00000236ff4f5000 Exception <a 'java/lang/IncompatibleClassChangeError'{0x0000000092fe96c0}: Found class java.lang.Object, but interface was expected> (0x0000000092fe96c0) thrown at [./src/hotspot/share/interpreter/linkResolver.cpp, line 839]
Event: 23.367 Thread 0x00000236ff4f3800 Exception <a 'java/lang/NoSuchMethodError'{0x0000000093244720}: 'int java.lang.invoke.DirectMethodHandle$Holder.invokeVirtual(java.lang.Object, java.lang.Object, java.lang.Object)'> (0x0000000093244720) thrown at [./src/hotspot/share/interpreter/linkResolver.cpp, line 773]
Event: 23.367 Thread 0x00000236ff4ef800 Exception <a 'java/lang/NoSuchMethodError'{0x0000000092e7dfe0}: 'int java.lang.invoke.DirectMethodHandle$Holder.invokeVirtual(java.lang.Object, java.lang.Object, java.lang.Object)'> (0x0000000092e7dfe0) thrown at [./src/hotspot/share/interpreter/linkResolver.cpp, line 773]
Event: 23.368 Thread 0x00000236ff4f4800 Exception <a 'java/lang/NoSuchMethodError'{0x0000000093efe8f0}: 'int java.lang.invoke.DirectMethodHandle$Holder.invokeVirtual(java.lang.Object, java.lang.Object, java.lang.Object)'> (0x0000000093efe8f0) thrown at [./src/hotspot/share/interpreter/linkResolver.cpp, line 773]
Event: 23.367 Thread 0x00000236ff4f0800 Exception <a 'java/lang/NoSuchMethodError'{0x0000000093c51078}: 'int java.lang.invoke.DirectMethodHandle$Holder.invokeVirtual(java.lang.Object, java.lang.Object, java.lang.Object)'> (0x0000000093c51078) thrown at [./src/hotspot/share/interpreter/linkResolver.cpp, line 773]
Event: 24.307 Thread 0x00000236ff4f5000 Exception <a 'java/lang/IncompatibleClassChangeError'{0x0000000093cd36e8}: Found class java.lang.Object, but interface was expected> (0x0000000093cd36e8) thrown at [./src/hotspot/share/interpreter/linkResolver.cpp, line 839]
Event: 24.321 Thread 0x00000236ff4f5000 Exception <a 'java/lang/NoSuchMethodError'{0x0000000093b2bf18}: 'java.lang.Object java.lang.invoke.Invokers$Holder.linkToTargetMethod(java.lang.Object, int, java.lang.Object, java.lang.Object, java.lang.Object, java.lang.Object)'> (0x0000000093b2bf18) thrown at [./src/hotspot/share/interpreter/linkResolver.cpp, line 773]
Event: 24.323 Thread 0x00000236ff4f5000 Exception <a 'java/lang/NoSuchMethodError'{0x0000000093b3ad80}: 'void java.lang.invoke.DirectMethodHandle$Holder.invokeSpecial(java.lang.Object, java.lang.Object, java.lang.Object, java.lang.Object, java.lang.Object, java.lang.Object, java.lang.Object, java.lang.Object, java.lang.Object)'> (0x0000000093b3ad80) thrown at [./src/hotspot/share/interpreter/linkResolver.cpp, line 773]
Event: 24.324 Thread 0x00000236ff4f5000 Exception <a 'java/lang/NoSuchMethodError'{0x0000000093b43f78}: 'java.lang.Object java.lang.invoke.Invokers$Holder.linkToTargetMethod(java.lang.Object, java.lang.Object, java.lang.Object, java.lang.Object, java.lang.Object, java.lang.Object, java.lang.Object)'> (0x0000000093b43f78) thrown at [./src/hotspot/share/interpreter/linkResolver.cpp, line 773]
Event: 24.869 Thread 0x00000236ff4f5000 Exception <a 'java/lang/NoSuchMethodError'{0x0000000093a35e10}: 'void java.lang.invoke.DirectMethodHandle$Holder.invokeStatic(java.lang.Object, java.lang.Object, java.lang.Object, java.lang.Object, java.lang.Object, java.lang.Object, java.lang.Object, java.lang.Object)'> (0x0000000093a35e10) thrown at [./src/hotspot/share/interpreter/linkResolver.cpp, line 773]

Events (20 events):
Event: 25.927 loading class com/android/tools/r8/graph/Y done
Event: 25.927 loading class com/android/tools/r8/graph/Y
Event: 25.927 loading class com/android/tools/r8/graph/Y done
Event: 25.927 loading class com/android/tools/r8/dex/z$k
Event: 25.927 loading class com/android/tools/r8/dex/z$k done
Event: 25.928 loading class com/android/tools/r8/internal/YB
Event: 25.928 loading class com/android/tools/r8/internal/YB done
Event: 25.944 loading class com/android/tools/r8/graph/v0
Event: 25.944 loading class com/android/tools/r8/graph/v0 done
Event: 25.944 loading class com/android/tools/r8/naming/b
Event: 25.944 loading class com/android/tools/r8/naming/b done
Event: 25.954 loading class com/android/tools/r8/graph/Z
Event: 25.954 loading class com/android/tools/r8/graph/Z done
Event: 25.955 loading class com/android/tools/r8/graph/v0
Event: 25.955 loading class com/android/tools/r8/graph/v0 done
Event: 25.966 loading class com/android/tools/r8/dex/z$f
Event: 25.966 loading class com/android/tools/r8/dex/z$f done
Event: 25.967 loading class com/android/tools/r8/graph/Z
Event: 25.967 loading class com/android/tools/r8/graph/Z done
Event: 25.968 Executing VM operation: G1CollectForAllocation


Dynamic libraries:
0x00007ff620b00000 - 0x00007ff620b0a000 	C:\Program Files\Android\Android Studio\jre\bin\java.exe
0x00007ffb74fb0000 - 0x00007ffb751a5000 	C:\WINDOWS\SYSTEM32\ntdll.dll
0x00007ffb74890000 - 0x00007ffb7494e000 	C:\WINDOWS\System32\KERNEL32.DLL
0x00007ffb72a60000 - 0x00007ffb72d28000 	C:\WINDOWS\System32\KERNELBASE.dll
0x00007ffb728d0000 - 0x00007ffb729d0000 	C:\WINDOWS\System32\ucrtbase.dll
0x00007ffb6c760000 - 0x00007ffb6c779000 	C:\Program Files\Android\Android Studio\jre\bin\jli.dll
0x00007ffb6c780000 - 0x00007ffb6c797000 	C:\Program Files\Android\Android Studio\jre\bin\VCRUNTIME140.dll
0x00007ffb746f0000 - 0x00007ffb74890000 	C:\WINDOWS\System32\USER32.dll
0x00007ffb728a0000 - 0x00007ffb728c2000 	C:\WINDOWS\System32\win32u.dll
0x00007ffb746c0000 - 0x00007ffb746eb000 	C:\WINDOWS\System32\GDI32.dll
0x00007ffb72d30000 - 0x00007ffb72e3d000 	C:\WINDOWS\System32\gdi32full.dll
0x00007ffb72e40000 - 0x00007ffb72edd000 	C:\WINDOWS\System32\msvcp_win.dll
0x00007ffb61ac0000 - 0x00007ffb61d5a000 	C:\WINDOWS\WinSxS\amd64_microsoft.windows.common-controls_6595b64144ccf1df_6.0.19041.1110_none_60b5254171f9507e\COMCTL32.dll
0x00007ffb73560000 - 0x00007ffb735fe000 	C:\WINDOWS\System32\msvcrt.dll
0x00007ffb73000000 - 0x00007ffb73030000 	C:\WINDOWS\System32\IMM32.DLL
0x00007ffb66110000 - 0x00007ffb661ad000 	C:\Program Files\Android\Android Studio\jre\bin\msvcp140.dll
0x00007ffb1c3f0000 - 0x00007ffb1cec5000 	C:\Program Files\Android\Android Studio\jre\bin\server\jvm.dll
0x00007ffb74950000 - 0x00007ffb749fe000 	C:\WINDOWS\System32\ADVAPI32.dll
0x00007ffb73600000 - 0x00007ffb7369c000 	C:\WINDOWS\System32\sechost.dll
0x00007ffb73030000 - 0x00007ffb73155000 	C:\WINDOWS\System32\RPCRT4.dll
0x00007ffb736b0000 - 0x00007ffb736b8000 	C:\WINDOWS\System32\PSAPI.DLL
0x00007ffb6bf70000 - 0x00007ffb6bf97000 	C:\WINDOWS\SYSTEM32\WINMM.dll
0x00007ffb605e0000 - 0x00007ffb605e9000 	C:\WINDOWS\SYSTEM32\WSOCK32.dll
0x00007ffb6c410000 - 0x00007ffb6c41a000 	C:\WINDOWS\SYSTEM32\VERSION.dll
0x00007ffb74ee0000 - 0x00007ffb74f4b000 	C:\WINDOWS\System32\WS2_32.dll
0x00007ffb70600000 - 0x00007ffb70612000 	C:\WINDOWS\SYSTEM32\kernel.appcore.dll
0x00007ffb5ba30000 - 0x00007ffb5ba41000 	C:\Program Files\Android\Android Studio\jre\bin\verify.dll
0x00007ffb6dcd0000 - 0x00007ffb6deb4000 	C:\WINDOWS\SYSTEM32\DBGHELP.DLL
0x00007ffb6bf40000 - 0x00007ffb6bf6c000 	C:\WINDOWS\SYSTEM32\dbgcore.DLL
0x00007ffb729d0000 - 0x00007ffb72a52000 	C:\WINDOWS\System32\bcryptPrimitives.dll
0x00007ffb4b6e0000 - 0x00007ffb4b709000 	C:\Program Files\Android\Android Studio\jre\bin\java.dll
0x00007ffb68500000 - 0x00007ffb6850b000 	C:\Program Files\Android\Android Studio\jre\bin\jimage.dll
0x00007ffb5ba10000 - 0x00007ffb5ba28000 	C:\Program Files\Android\Android Studio\jre\bin\zip.dll
0x00007ffb73f10000 - 0x00007ffb74654000 	C:\WINDOWS\System32\SHELL32.dll
0x00007ffb707b0000 - 0x00007ffb70f44000 	C:\WINDOWS\SYSTEM32\windows.storage.dll
0x00007ffb736c0000 - 0x00007ffb73a15000 	C:\WINDOWS\System32\combase.dll
0x00007ffb72040000 - 0x00007ffb7206e000 	C:\WINDOWS\SYSTEM32\Wldp.dll
0x00007ffb73290000 - 0x00007ffb7333d000 	C:\WINDOWS\System32\SHCORE.dll
0x00007ffb73470000 - 0x00007ffb734c5000 	C:\WINDOWS\System32\shlwapi.dll
0x00007ffb72600000 - 0x00007ffb7261f000 	C:\WINDOWS\SYSTEM32\profapi.dll
0x00007ffb5b4c0000 - 0x00007ffb5b4da000 	C:\Program Files\Android\Android Studio\jre\bin\net.dll
0x00007ffb63e20000 - 0x00007ffb63f2c000 	C:\WINDOWS\SYSTEM32\WINHTTP.dll
0x00007ffb71da0000 - 0x00007ffb71e0a000 	C:\WINDOWS\system32\mswsock.dll
0x00007ffb49ae0000 - 0x00007ffb49af4000 	C:\Program Files\Android\Android Studio\jre\bin\nio.dll
0x00007ffb66880000 - 0x00007ffb668a7000 	C:\Users\Waseem Abbas\.gradle\native\8bec1ad78214c89d9ad589b4d07fe93259594b29d510b10fafb7a158f7737e5d\windows-amd64\native-platform.dll
0x00007ffb4a0c0000 - 0x00007ffb4a1fd000 	C:\Users\Waseem Abbas\.gradle\native\53dbd7edfb1c66fb8903c78663c9afc45aea4f116125fa6feffd364cf09443e8\windows-amd64\native-platform-file-events.dll
0x00007ffb5c240000 - 0x00007ffb5c24a000 	C:\Program Files\Android\Android Studio\jre\bin\management.dll
0x00007ffb5ace0000 - 0x00007ffb5aced000 	C:\Program Files\Android\Android Studio\jre\bin\management_ext.dll
0x00007ffb71f90000 - 0x00007ffb71fa8000 	C:\WINDOWS\SYSTEM32\CRYPTSP.dll
0x00007ffb71720000 - 0x00007ffb71754000 	C:\WINDOWS\system32\rsaenh.dll
0x00007ffb726c0000 - 0x00007ffb726e7000 	C:\WINDOWS\System32\bcrypt.dll
0x00007ffb725c0000 - 0x00007ffb725ee000 	C:\WINDOWS\SYSTEM32\USERENV.dll
0x00007ffb71fb0000 - 0x00007ffb71fbc000 	C:\WINDOWS\SYSTEM32\CRYPTBASE.dll
0x00007ffb71a90000 - 0x00007ffb71acb000 	C:\WINDOWS\SYSTEM32\IPHLPAPI.DLL
0x00007ffb736a0000 - 0x00007ffb736a8000 	C:\WINDOWS\System32\NSI.dll
0x00007ffb664f0000 - 0x00007ffb66507000 	C:\WINDOWS\SYSTEM32\dhcpcsvc6.DLL
0x00007ffb66530000 - 0x00007ffb6654d000 	C:\WINDOWS\SYSTEM32\dhcpcsvc.DLL
0x00007ffb71ad0000 - 0x00007ffb71b9b000 	C:\WINDOWS\SYSTEM32\DNSAPI.dll

dbghelp: loaded successfully - version: 4.0.5 - missing functions: none
symbol engine: initialized successfully - sym options: 0x614 - pdb path: .;C:\Program Files\Android\Android Studio\jre\bin;C:\WINDOWS\SYSTEM32;C:\WINDOWS\WinSxS\amd64_microsoft.windows.common-controls_6595b64144ccf1df_6.0.19041.1110_none_60b5254171f9507e;C:\Program Files\Android\Android Studio\jre\bin\server;C:\Users\Waseem Abbas\.gradle\native\8bec1ad78214c89d9ad589b4d07fe93259594b29d510b10fafb7a158f7737e5d\windows-amd64;C:\Users\Waseem Abbas\.gradle\native\53dbd7edfb1c66fb8903c78663c9afc45aea4f116125fa6feffd364cf09443e8\windows-amd64

VM Arguments:
jvm_args: --add-opens=java.base/java.util=ALL-UNNAMED --add-opens=java.base/java.lang=ALL-UNNAMED --add-opens=java.base/java.lang.invoke=ALL-UNNAMED --add-opens=java.base/java.util=ALL-UNNAMED --add-opens=java.prefs/java.util.prefs=ALL-UNNAMED --add-opens=java.prefs/java.util.prefs=ALL-UNNAMED --add-opens=java.base/java.nio.charset=ALL-UNNAMED --add-opens=java.base/java.net=ALL-UNNAMED --add-opens=java.base/java.util.concurrent.atomic=ALL-UNNAMED -Xmx2048m -Dfile.encoding=UTF-8 -Duser.country=US -Duser.language=en -Duser.variant 
java_command: org.gradle.launcher.daemon.bootstrap.GradleDaemon 7.0.2
java_class_path (initial): C:\Users\Waseem Abbas\.gradle\wrapper\dists\gradle-7.0.2-bin\857tjihv64xamwrf0h14cai3r\gradle-7.0.2\lib\gradle-launcher-7.0.2.jar
Launcher Type: SUN_STANDARD

[Global flags]
     intx CICompilerCount                          = 3                                         {product} {ergonomic}
     uint ConcGCThreads                            = 1                                         {product} {ergonomic}
     uint G1ConcRefinementThreads                  = 4                                         {product} {ergonomic}
   size_t G1HeapRegionSize                         = 1048576                                   {product} {ergonomic}
    uintx GCDrainStackTargetSize                   = 64                                        {product} {ergonomic}
   size_t InitialHeapSize                          = 134217728                                 {product} {ergonomic}
   size_t MarkStackSize                            = 4194304                                   {product} {ergonomic}
   size_t MaxHeapSize                              = 2147483648                                {product} {command line}
   size_t MaxNewSize                               = 1287651328                                {product} {ergonomic}
   size_t MinHeapDeltaBytes                        = 1048576                                   {product} {ergonomic}
    uintx NonNMethodCodeHeapSize                   = 5830732                                {pd product} {ergonomic}
    uintx NonProfiledCodeHeapSize                  = 122913754                              {pd product} {ergonomic}
    uintx ProfiledCodeHeapSize                     = 122913754                              {pd product} {ergonomic}
    uintx ReservedCodeCacheSize                    = 251658240                              {pd product} {ergonomic}
     bool SegmentedCodeCache                       = true                                      {product} {ergonomic}
     bool UseCompressedClassPointers               = true                                 {lp64_product} {ergonomic}
     bool UseCompressedOops                        = true                                 {lp64_product} {ergonomic}
     bool UseG1GC                                  = true                                      {product} {ergonomic}
     bool UseLargePagesIndividualAllocation        = false                                  {pd product} {ergonomic}

Logging:
Log output configuration:
 #0: stdout all=warning uptime,level,tags
 #1: stderr all=off uptime,level,tags

Environment Variables:
JAVA_HOME=C:\Program Files\Java\jdk-17
PATH=C:\Program Files\Common Files\Oracle\Java\javapath;C:\WINDOWS\system32;C:\WINDOWS;C:\WINDOWS\System32\Wbem;C:\WINDOWS\System32\WindowsPowerShell\v1.0\;C:\WINDOWS\System32\OpenSSH\;C:\Program Files\Git\cmd;C:\Users\Waseem Abbas\AppData\Local\Microsoft\WindowsApps;C:\Users\Waseem Abbas\MyFlutter\flutter\bin;
USERNAME=Waseem Abbas
OS=Windows_NT
PROCESSOR_IDENTIFIER=Intel64 Family 6 Model 61 Stepping 4, GenuineIntel



---------------  S Y S T E M  ---------------

OS: Windows 10 , 64 bit Build 19041 (10.0.19041.1503)
OS uptime: 1 days 21:38 hours

CPU:total 4 (initial active 4) (2 cores per cpu, 2 threads per core) family 6 model 61 stepping 4 microcode 0x2f, cmov, cx8, fxsr, mmx, sse, sse2, sse3, ssse3, sse4.1, sse4.2, popcnt, avx, avx2, aes, clmul, erms, rtm, 3dnowpref, lzcnt, ht, tsc, tscinvbit, bmi1, bmi2, adx, fma

Memory: 4k page, system-wide physical 8067M (318M free)
TotalPageFile size 27923M (AvailPageFile size 268M)
current process WorkingSet (physical memory assigned to process): 407M, peak: 446M
current process commit charge ("private bytes"): 610M, peak: 939M

vm_info: OpenJDK 64-Bit Server VM (11.0.11+9-b60-7590822) for windows-amd64 JRE (11.0.11+9-b60-7590822), built on Jul 29 2021 21:43:44 by "builder" with MS VC++ 14.0 (VS2015)

END.
